Sat Jul 12 17:13:11 IST 2014

Hostname:webonise-desktop
Operating System type & version:Linux 3.5.0-52-generic #79~precise1-Ubuntu SMP Fri Jul 4 21:03:49 UTC 2014
Complete path to home:/home/webonise
Logged on users and count:webonise webonise webonise webonise
# users=4
Current User's groups:webonise adm cdrom sudo dip plugdev lpadmin sambashare
List of files in Home & sub-folders:/home/webonise:
assignment
assignment.log
CCPP
Desktop
Documents
Downloads
examples.desktop
getskype-linux-beta-ubuntu-64
Music
Pictures
Public
public_html
task1.sh
task1.sh~
Templates
Videos

/home/webonise/assignment:
public_html

/home/webonise/assignment/public_html:
public_html1
task3.sh~
task5.sh~
task6.sh~

/home/webonise/assignment/public_html/public_html1:
assignment.log
task1.sh
task6.sh~
task7.sh

/home/webonise/CCPP:
a.out
assignment1
Assignment1_revised
demo
hello.cpp
hello.cpp~
kartik
line
prog1
regexDemo
word
word1

/home/webonise/CCPP/assignment1:
a.out
assignment1.cbp
assignment1.depend
assignment1.layout
Assignment1_without_regex.cpp
bin
binding.rb
class.smtp.php
College.java
file.java~
file.php~
myClass.php
obj
Student.java

/home/webonise/CCPP/assignment1/bin:
Debug

/home/webonise/CCPP/assignment1/bin/Debug:
assignment1

/home/webonise/CCPP/assignment1/obj:
Debug

/home/webonise/CCPP/assignment1/obj/Debug:
main.o

/home/webonise/CCPP/Assignment1_revised:
a.out
Assignment1_revised.cbp
Assignment1_revised.depend
Assignment1_revised.layout
bin
binding.rb
class.smtp.php
class.smtp.php~
College.java
main.cpp
myClass.php
obj
Student.java
temp.txt

/home/webonise/CCPP/Assignment1_revised/bin:
Debug

/home/webonise/CCPP/Assignment1_revised/bin/Debug:

/home/webonise/CCPP/Assignment1_revised/obj:
Debug

/home/webonise/CCPP/Assignment1_revised/obj/Debug:
main.o

/home/webonise/CCPP/demo:
bin
demo.cbp
demo.depend
demo.layout
main.cpp
obj

/home/webonise/CCPP/demo/bin:
Debug

/home/webonise/CCPP/demo/bin/Debug:
demo

/home/webonise/CCPP/demo/obj:
Debug

/home/webonise/CCPP/demo/obj/Debug:
main.o

/home/webonise/CCPP/kartik:
bin
binding1.rb
kartik.cbp
kartik.depend
kartik.layout
obj
space1.cpp

/home/webonise/CCPP/kartik/bin:
Debug

/home/webonise/CCPP/kartik/bin/Debug:
kartik

/home/webonise/CCPP/kartik/obj:
Debug

/home/webonise/CCPP/kartik/obj/Debug:
space1.o

/home/webonise/CCPP/line:
bin
line.cbp
line.depend
line.layout
main.cpp
obj
Student.java

/home/webonise/CCPP/line/bin:
Debug

/home/webonise/CCPP/line/bin/Debug:
line

/home/webonise/CCPP/line/obj:
Debug

/home/webonise/CCPP/line/obj/Debug:
main.o

/home/webonise/CCPP/regexDemo:
a.out
bin
main.cpp
obj
read.txt
read.txt~
regexDemo.cbp
regexDemo.depend
regexDemo.layout

/home/webonise/CCPP/regexDemo/bin:
Debug

/home/webonise/CCPP/regexDemo/bin/Debug:

/home/webonise/CCPP/regexDemo/obj:
Debug

/home/webonise/CCPP/regexDemo/obj/Debug:
main.o

/home/webonise/CCPP/word:
bin
main.cpp
obj
word.cbp
word.layout

/home/webonise/CCPP/word/bin:
Debug

/home/webonise/CCPP/word/bin/Debug:
word

/home/webonise/CCPP/word/obj:
Debug

/home/webonise/CCPP/word/obj/Debug:
main.o

/home/webonise/CCPP/word1:
a.out
bin
file.java
main.cpp
obj
word1.cbp
word1.depend
word1.layout

/home/webonise/CCPP/word1/bin:
Debug

/home/webonise/CCPP/word1/bin/Debug:
word1

/home/webonise/CCPP/word1/obj:
Debug

/home/webonise/CCPP/word1/obj/Debug:
main.o

/home/webonise/Desktop:
Assignment

/home/webonise/Desktop/Assignment:
Assignment1_revised
Assignment2
Assignment3
Assignment4
Assignment5
Assignment6

/home/webonise/Desktop/Assignment/Assignment1_revised:
a.out
Assign1_using_Regex.cpp
Assignment1_revised.cbp
Assignment1_revised.depend
Assignment1_revised.layout
bin
binding.rb
class.smtp.php
class.smtp.php~
College.java
main.cpp~
myClass.php
obj
Student.java
temp.txt

/home/webonise/Desktop/Assignment/Assignment1_revised/bin:
Debug

/home/webonise/Desktop/Assignment/Assignment1_revised/bin/Debug:

/home/webonise/Desktop/Assignment/Assignment1_revised/obj:
Debug

/home/webonise/Desktop/Assignment/Assignment1_revised/obj/Debug:
main.o

/home/webonise/Desktop/Assignment/Assignment2:
PalashK_Document_Assignment2.doc

/home/webonise/Desktop/Assignment/Assignment3:
Palash_Functional_Requirements_Virtual_University
Palash_Functional_Requirements_Virtual_University~
Palash_Kulkarni_AntFarm.jpg
Palash_Kulkarni_virtual_university.jpg

/home/webonise/Desktop/Assignment/Assignment4:
Query
Query~
Stored_Procedure.png
Stored procedure query.txt
TableStructure.xls
view_query.doc
view_Snapshot

/home/webonise/Desktop/Assignment/Assignment5:
BASE_Document.doc
Delete_Field_MongoDB.png
MongoDB_Document.doc
MongoDB_Query_Document.doc
MongoDB_Query_Document.doc~
Update_Query_MongoDB.png

/home/webonise/Desktop/Assignment/Assignment6:
assignment.log
README.md
task1.sh
task1.sh~
task2.sh
task3.sh
task3.sh~
task4.sh
task5.sh
task6.sh
task7.sh

/home/webonise/Documents:
BASE_Document.doc
MongoDB_Document.doc
Untitled 1.ods

/home/webonise/Downloads:
2.Object Oriented Programming.ppt
assign3.cpp
binding1.rb
git-1.8.1.2
git-1.8.1.2.tar.gz
invite(1).ics
invite.ics
main.cpp
meadowclassdiagram(1).jpg
meadowclassdiagram(2).jpg
meadowclassdiagram(3).jpg
meadowclassdiagram(4).jpg
meadowclassdiagram.jpg
Palash_Kulkarni_AntFarm.jpg
Palash_Kulkarni_virtual_university.jpg
regex.pdf
skype-ubuntu-precise_4.3.0.37-1_i386.deb
space1.cpp
task1.sh
task2.sh
task3.sh
task3.sh~
task5.sh
task6.sh
task7(1).sh
task7.sh
task7.sh~
virtual_university_class_diagram.jpg
Webonator-Programming-Language(1).zip
Webonator-Programming-Language.zip
WEBONISE JOINING DOCKET_New(2)(1).docx
WEBONISE JOINING DOCKET_New(2).docx

/home/webonise/Downloads/git-1.8.1.2:
abspath.c
abspath.o
aclocal.m4
advice.c
advice.h
advice.o
alias.c
alias.o
alloc.c
alloc.o
archive.c
archive.h
archive.o
archive-tar.c
archive-tar.o
archive-zip.c
archive-zip.o
argv-array.c
argv-array.h
argv-array.o
attr.c
attr.h
attr.o
base85.c
base85.o
bin-wrappers
bisect.c
bisect.h
bisect.o
blob.c
blob.h
blob.o
block-sha1
branch.c
branch.h
branch.o
builtin
builtin.h
bulk-checkin.c
bulk-checkin.h
bulk-checkin.o
bundle.c
bundle.h
bundle.o
cache.h
cache-tree.c
cache-tree.h
cache-tree.o
check_bindir
check-builtins.sh
check-racy.c
color.c
color.h
color.o
column.c
column.h
column.o
combine-diff.c
combine-diff.o
command-list.txt
commit.c
commit.h
commit.o
common-cmds.h
compat
config.c
config.mak.in
config.o
configure
configure.ac
connect.c
connected.c
connected.h
connected.o
connect.o
contrib
convert.c
convert.h
convert.o
copy.c
COPYING
copy.o
credential.c
credential-cache.c
credential-cache--daemon.c
credential-cache--daemon.o
credential-cache.o
credential.h
credential.o
credential-store.c
credential-store.o
csum-file.c
csum-file.h
csum-file.o
ctype.c
ctype.o
daemon.c
daemon.o
date.c
date.o
decorate.c
decorate.h
decorate.o
delta.h
diff.c
diffcore-break.c
diffcore-break.o
diffcore-delta.c
diffcore-delta.o
diffcore.h
diffcore-order.c
diffcore-order.o
diffcore-pickaxe.c
diffcore-pickaxe.o
diffcore-rename.c
diffcore-rename.o
diff-delta.c
diff-delta.o
diff.h
diff-lib.c
diff-lib.o
diff-no-index.c
diff-no-index.o
diff.o
dir.c
dir.h
dir.o
Documentation
editor.c
editor.o
entry.c
entry.o
environment.c
environment.o
exec_cmd.c
exec_cmd.h
exec_cmd.o
fast-import.c
fast-import.o
fetch-pack.c
fetch-pack.h
fetch-pack.o
fixup-builtins
fmt-merge-msg.h
fsck.c
fsck.h
fsck.o
generate-cmdlist.sh
gettext.c
gettext.h
gettext.o
git
git-add
git-add--interactive
git-add--interactive.perl
git-am
git-am.sh
git-annotate
git-apply
git-archimport
git-archimport.perl
git-archive
git-bisect
git-bisect--helper
git-bisect.sh
git-blame
git-branch
GIT-BUILD-OPTIONS
git-bundle
git.c
git-cat-file
GIT-CFLAGS
git-check-attr
git-checkout
git-checkout-index
git-check-ref-format
git-cherry
git-cherry-pick
git-clean
git-clone
git-column
git-commit
git-commit-tree
git-compat-util.h
git-config
git-count-objects
git-credential
git-credential-cache
git-credential-cache--daemon
git-credential-store
git-cvsexportcommit
git-cvsexportcommit.perl
git-cvsimport
git-cvsimport.perl
git-cvsserver
git-cvsserver.perl
git-daemon
git-describe
git-diff
git-diff-files
git-diff-index
git-difftool
git-difftool--helper
git-difftool--helper.sh
git-difftool.perl
git-diff-tree
git-fast-export
git-fast-import
git-fetch
git-fetch-pack
git-filter-branch
git-filter-branch.sh
git-fmt-merge-msg
git-for-each-ref
git-format-patch
git-fsck
git-fsck-objects
git-gc
git-get-tar-commit-id
git-grep
git-gui
git-hash-object
git-help
git-http-backend
git-http-fetch
git-http-push
git-imap-send
git-index-pack
git-init
git-init-db
git-instaweb
git-instaweb.sh
gitk-git
GIT-LDFLAGS
git-log
git-lost-found
git-lost-found.sh
git-ls-files
git-ls-remote
git-ls-tree
git-mailinfo
git-mailsplit
git-merge
git-merge-base
git-merge-file
git-merge-index
git-merge-octopus
git-merge-octopus.sh
git-merge-one-file
git-merge-one-file.sh
git-merge-ours
git-merge-recursive
git-merge-resolve
git-merge-resolve.sh
git-merge-subtree
git-mergetool
git-mergetool--lib
git-mergetool--lib.sh
git-mergetool.sh
git-merge-tree
git-mktag
git-mktree
git-mv
git-name-rev
git-notes
git.o
git-p4
git-p4.py
git-pack-objects
git-pack-redundant
git-pack-refs
git-parse-remote
git-parse-remote.sh
git-patch-id
git-peek-remote
GIT-PREFIX
git-prune
git-prune-packed
git-pull
git-pull.sh
git-push
GIT-PYTHON-VARS
git-quiltimport
git-quiltimport.sh
git-read-tree
git-rebase
git-rebase--am
git-rebase--am.sh
git-rebase--interactive
git-rebase--interactive.sh
git-rebase--merge
git-rebase--merge.sh
git-rebase.sh
git-receive-pack
git-reflog
git-relink
git-relink.perl
git-remote
git-remote-ext
git-remote-fd
git-remote-ftp
git-remote-ftps
git_remote_helpers
git-remote-http
git-remote-https
git-remote-testgit
git-remote-testgit.py
git-remote-testsvn
git-repack
git-repack.sh
git-replace
git-repo-config
git-request-pull
git-request-pull.sh
git-rerere
git-reset
git-revert
git-rev-list
git-rev-parse
git-rm
GIT-SCRIPT-DEFINES
git-send-email
git-send-email.perl
git-send-pack
git-shell
git-sh-i18n
git-sh-i18n--envsubst
git-sh-i18n.sh
git-shortlog
git-show
git-show-branch
git-show-index
git-show-ref
git-sh-setup
git-sh-setup.sh
git.spec
git.spec.in
git-stage
git-stash
git-stash.sh
git-status
git-stripspace
git-submodule
git-submodule.sh
git-svn
git-svn.perl
git-symbolic-ref
git-tag
git-tar-tree
git-unpack-file
git-unpack-objects
git-update-index
git-update-ref
git-update-server-info
git-upload-archive
git-upload-pack
GIT-USER-AGENT
git-var
git-verify-pack
git-verify-tag
GIT-VERSION-FILE
GIT-VERSION-GEN
gitweb
git-web--browse
git-web--browse.sh
git-whatchanged
git-write-tree
gpg-interface.c
gpg-interface.h
gpg-interface.o
graph.c
graph.h
graph.o
grep.c
grep.h
grep.o
hash.c
hash.h
hash.o
help.c
help.h
help.o
hex.c
hex.o
http-backend.c
http-backend.o
http.c
http-fetch.c
http-fetch.o
http.h
http.o
http-push.c
http-push.o
http-walker.c
http-walker.o
ident.c
ident.o
imap-send.c
imap-send.o
INSTALL
kwset.c
kwset.h
kwset.o
levenshtein.c
levenshtein.h
levenshtein.o
LGPL-2.1
libgit.a
list-objects.c
list-objects.h
list-objects.o
ll-merge.c
ll-merge.h
ll-merge.o
lockfile.c
lockfile.o
log-tree.c
log-tree.h
log-tree.o
mailmap.c
mailmap.h
mailmap.o
Makefile
match-trees.c
match-trees.o
merge.c
merge-file.c
merge-file.h
merge-file.o
merge.o
merge-recursive.c
merge-recursive.h
merge-recursive.o
mergesort.c
mergesort.h
mergesort.o
mergetools
name-hash.c
name-hash.o
notes.c
notes-cache.c
notes-cache.h
notes-cache.o
notes.h
notes-merge.c
notes-merge.h
notes-merge.o
notes.o
object.c
object.h
object.o
pack-check.c
pack-check.o
pack.h
pack-refs.c
pack-refs.h
pack-refs.o
pack-revindex.c
pack-revindex.h
pack-revindex.o
pack-write.c
pack-write.o
pager.c
pager.o
parse-options.c
parse-options-cb.c
parse-options-cb.o
parse-options.h
parse-options.o
patch-delta.c
patch-delta.o
patch-ids.c
patch-ids.h
patch-ids.o
path.c
path.o
perl
pkt-line.c
pkt-line.h
pkt-line.o
po
ppc
preload-index.c
preload-index.o
pretty.c
pretty.o
progress.c
progress.h
progress.o
prompt.c
prompt.h
prompt.o
quote.c
quote.h
quote.o
reachable.c
reachable.h
reachable.o
read-cache.c
read-cache.o
README
reflog-walk.c
reflog-walk.h
reflog-walk.o
refs.c
refs.h
refs.o
RelNotes
remote.c
remote-curl.c
remote-curl.o
remote.h
remote.o
remote-testsvn.c
remote-testsvn.o
replace_object.c
replace_object.o
rerere.c
rerere.h
rerere.o
resolve-undo.c
resolve-undo.h
resolve-undo.o
revision.c
revision.h
revision.o
run-command.c
run-command.h
run-command.o
send-pack.c
send-pack.h
send-pack.o
sequencer.c
sequencer.h
sequencer.o
server-info.c
server-info.o
setup.c
setup.o
sha1-array.c
sha1-array.h
sha1-array.o
sha1_file.c
sha1_file.o
sha1-lookup.c
sha1-lookup.h
sha1-lookup.o
sha1_name.c
sha1_name.o
shallow.c
shallow.o
shell.c
shell.o
sh-i18n--envsubst.c
sh-i18n--envsubst.o
shortlog.h
show-index.c
show-index.o
sideband.c
sideband.h
sideband.o
sigchain.c
sigchain.h
sigchain.o
strbuf.c
strbuf.h
strbuf.o
streaming.c
streaming.h
streaming.o
string-list.c
string-list.h
string-list.o
submodule.c
submodule.h
submodule.o
symlinks.c
symlinks.o
t
tag.c
tag.h
tag.o
tar.h
templates
test-chmtime
test-chmtime.c
test-chmtime.o
test-ctype
test-ctype.c
test-ctype.o
test-date
test-date.c
test-date.o
test-delta
test-delta.c
test-delta.o
test-dump-cache-tree
test-dump-cache-tree.c
test-dump-cache-tree.o
test-genrandom
test-genrandom.c
test-genrandom.o
test-index-version
test-index-version.c
test-index-version.o
test-line-buffer
test-line-buffer.c
test-line-buffer.o
test-match-trees
test-match-trees.c
test-match-trees.o
test-mergesort
test-mergesort.c
test-mergesort.o
test-mktemp
test-mktemp.c
test-mktemp.o
test-parse-options
test-parse-options.c
test-parse-options.o
test-path-utils
test-path-utils.c
test-path-utils.o
test-regex
test-regex.c
test-regex.o
test-revision-walking
test-revision-walking.c
test-revision-walking.o
test-run-command
test-run-command.c
test-run-command.o
test-scrap-cache-tree
test-scrap-cache-tree.c
test-scrap-cache-tree.o
test-sha1
test-sha1.c
test-sha1.o
test-sha1.sh
test-sigchain
test-sigchain.c
test-sigchain.o
test-string-list
test-string-list.c
test-string-list.o
test-subprocess
test-subprocess.c
test-subprocess.o
test-svn-fe
test-svn-fe.c
test-svn-fe.o
thread-utils.c
thread-utils.h
thread-utils.o
trace.c
trace.o
transport.c
transport.h
transport-helper.c
transport-helper.o
transport.o
tree.c
tree-diff.c
tree-diff.o
tree.h
tree.o
tree-walk.c
tree-walk.h
tree-walk.o
unimplemented.sh
unix-socket.c
unix-socket.h
unix-socket.o
unpack-trees.c
unpack-trees.h
unpack-trees.o
upload-pack.c
upload-pack.o
url.c
url.h
url.o
usage.c
usage.o
userdiff.c
userdiff.h
userdiff.o
utf8.c
utf8.h
utf8.o
varint.c
varint.h
varint.o
vcs-svn
version
version.c
version.h
version.o
walker.c
walker.h
walker.o
wrap-for-bin.sh
wrapper.c
wrapper.o
write_or_die.c
write_or_die.o
ws.c
ws.o
wt-status.c
wt-status.h
wt-status.o
xdiff
xdiff-interface.c
xdiff-interface.h
xdiff-interface.o
zlib.c
zlib.o

/home/webonise/Downloads/git-1.8.1.2/bin-wrappers:
git
git-cvsserver
git-receive-pack
git-shell
git-upload-archive
git-upload-pack
test-chmtime
test-ctype
test-date
test-delta
test-dump-cache-tree
test-genrandom
test-index-version
test-line-buffer
test-match-trees
test-mergesort
test-mktemp
test-parse-options
test-path-utils
test-regex
test-revision-walking
test-run-command
test-scrap-cache-tree
test-sha1
test-sigchain
test-string-list
test-subprocess
test-svn-fe

/home/webonise/Downloads/git-1.8.1.2/block-sha1:
sha1.c
sha1.h

/home/webonise/Downloads/git-1.8.1.2/builtin:
add.c
add.o
annotate.c
annotate.o
apply.c
apply.o
archive.c
archive.o
bisect--helper.c
bisect--helper.o
blame.c
blame.o
branch.c
branch.o
bundle.c
bundle.o
cat-file.c
cat-file.o
check-attr.c
check-attr.o
checkout.c
checkout-index.c
checkout-index.o
checkout.o
check-ref-format.c
check-ref-format.o
clean.c
clean.o
clone.c
clone.o
column.c
column.o
commit.c
commit.o
commit-tree.c
commit-tree.o
config.c
config.o
count-objects.c
count-objects.o
credential.c
credential.o
describe.c
describe.o
diff.c
diff-files.c
diff-files.o
diff-index.c
diff-index.o
diff.o
diff-tree.c
diff-tree.o
fast-export.c
fast-export.o
fetch.c
fetch.o
fetch-pack.c
fetch-pack.o
fmt-merge-msg.c
fmt-merge-msg.o
for-each-ref.c
for-each-ref.o
fsck.c
fsck.o
gc.c
gc.o
grep.c
grep.o
hash-object.c
hash-object.o
help.c
help.o
index-pack.c
index-pack.o
init-db.c
init-db.o
log.c
log.o
ls-files.c
ls-files.o
ls-remote.c
ls-remote.o
ls-tree.c
ls-tree.o
mailinfo.c
mailinfo.o
mailsplit.c
mailsplit.o
merge-base.c
merge-base.o
merge.c
merge-file.c
merge-file.o
merge-index.c
merge-index.o
merge.o
merge-ours.c
merge-ours.o
merge-recursive.c
merge-recursive.o
merge-tree.c
merge-tree.o
mktag.c
mktag.o
mktree.c
mktree.o
mv.c
mv.o
name-rev.c
name-rev.o
notes.c
notes.o
pack-objects.c
pack-objects.o
pack-redundant.c
pack-redundant.o
pack-refs.c
pack-refs.o
patch-id.c
patch-id.o
prune.c
prune.o
prune-packed.c
prune-packed.o
push.c
push.o
read-tree.c
read-tree.o
receive-pack.c
receive-pack.o
reflog.c
reflog.o
remote.c
remote-ext.c
remote-ext.o
remote-fd.c
remote-fd.o
remote.o
replace.c
replace.o
rerere.c
rerere.o
reset.c
reset.o
revert.c
revert.o
rev-list.c
rev-list.o
rev-parse.c
rev-parse.o
rm.c
rm.o
send-pack.c
send-pack.o
shortlog.c
shortlog.o
show-branch.c
show-branch.o
show-ref.c
show-ref.o
stripspace.c
stripspace.o
symbolic-ref.c
symbolic-ref.o
tag.c
tag.o
tar-tree.c
tar-tree.o
unpack-file.c
unpack-file.o
unpack-objects.c
unpack-objects.o
update-index.c
update-index.o
update-ref.c
update-ref.o
update-server-info.c
update-server-info.o
upload-archive.c
upload-archive.o
var.c
var.o
verify-pack.c
verify-pack.o
verify-tag.c
verify-tag.o
write-tree.c
write-tree.o

/home/webonise/Downloads/git-1.8.1.2/compat:
basename.c
bswap.h
cygwin.c
cygwin.h
fnmatch
fopen.c
hstrerror.c
inet_ntop.c
inet_pton.c
memmem.c
mingw.c
mingw.h
mkdir.c
mkdtemp.c
mmap.c
msvc.c
msvc.h
nedmalloc
obstack.c
obstack.h
obstack.o
poll
pread.c
precompose_utf8.c
precompose_utf8.h
qsort.c
regex
setenv.c
snprintf.c
strcasestr.c
strlcpy.c
strlcpy.o
strtoimax.c
strtok_r.c
strtoumax.c
terminal.c
terminal.h
terminal.o
unsetenv.c
vcbuild
win32
win32.h
win32mmap.c
winansi.c

/home/webonise/Downloads/git-1.8.1.2/compat/fnmatch:
fnmatch.c
fnmatch.h

/home/webonise/Downloads/git-1.8.1.2/compat/nedmalloc:
License.txt
malloc.c.h
nedmalloc.c
nedmalloc.h
Readme.txt

/home/webonise/Downloads/git-1.8.1.2/compat/poll:
poll.c
poll.h

/home/webonise/Downloads/git-1.8.1.2/compat/regex:
regcomp.c
regex.c
regexec.c
regex.h
regex_internal.c
regex_internal.h

/home/webonise/Downloads/git-1.8.1.2/compat/vcbuild:
include
README
scripts

/home/webonise/Downloads/git-1.8.1.2/compat/vcbuild/include:
alloca.h
sys
unistd.h
utime.h

/home/webonise/Downloads/git-1.8.1.2/compat/vcbuild/include/sys:
param.h
poll.h
time.h
utime.h

/home/webonise/Downloads/git-1.8.1.2/compat/vcbuild/scripts:
clink.pl
lib.pl

/home/webonise/Downloads/git-1.8.1.2/compat/win32:
dirent.c
dirent.h
pthread.c
pthread.h
syslog.c
syslog.h

/home/webonise/Downloads/git-1.8.1.2/contrib:
blameview
buildsystems
ciabot
completion
continuous
convert-objects
credential
diffall
diff-highlight
emacs
examples
fast-import
git-jump
git-resurrect.sh
git-shell-commands
gitview
hg-to-git
hooks
mw-to-git
p4import
patches
persistent-https
README
remote-helpers
remotes2config.sh
rerere-train.sh
stats
subtree
svn-fe
thunderbird-patch-inline
vim
workdir

/home/webonise/Downloads/git-1.8.1.2/contrib/blameview:
blameview.perl
README

/home/webonise/Downloads/git-1.8.1.2/contrib/buildsystems:
engine.pl
generate
Generators
Generators.pm
parse.pl

/home/webonise/Downloads/git-1.8.1.2/contrib/buildsystems/Generators:
QMake.pm
Vcproj.pm

/home/webonise/Downloads/git-1.8.1.2/contrib/ciabot:
ciabot.py
ciabot.sh
INSTALL
README

/home/webonise/Downloads/git-1.8.1.2/contrib/completion:
git-completion.bash
git-completion.tcsh
git-completion.zsh
git-prompt.sh

/home/webonise/Downloads/git-1.8.1.2/contrib/continuous:
cidaemon
post-receive-cinotify

/home/webonise/Downloads/git-1.8.1.2/contrib/convert-objects:
convert-objects.c
git-convert-objects.txt

/home/webonise/Downloads/git-1.8.1.2/contrib/credential:
gnome-keyring
osxkeychain
wincred

/home/webonise/Downloads/git-1.8.1.2/contrib/credential/gnome-keyring:
git-credential-gnome-keyring.c
Makefile

/home/webonise/Downloads/git-1.8.1.2/contrib/credential/osxkeychain:
git-credential-osxkeychain.c
Makefile

/home/webonise/Downloads/git-1.8.1.2/contrib/credential/wincred:
git-credential-wincred.c
Makefile

/home/webonise/Downloads/git-1.8.1.2/contrib/diffall:
git-diffall
README

/home/webonise/Downloads/git-1.8.1.2/contrib/diff-highlight:
diff-highlight
README

/home/webonise/Downloads/git-1.8.1.2/contrib/emacs:
git-blame.el
git.el
Makefile
README

/home/webonise/Downloads/git-1.8.1.2/contrib/examples:
builtin-fetch--tool.c
git-checkout.sh
git-clean.sh
git-clone.sh
git-commit.sh
git-fetch.sh
git-gc.sh
git-ls-remote.sh
git-merge-ours.sh
git-merge.sh
git-notes.sh
git-remote.perl
git-rerere.perl
git-reset.sh
git-resolve.sh
git-revert.sh
git-svnimport.perl
git-svnimport.txt
git-tag.sh
git-verify-tag.sh
README

/home/webonise/Downloads/git-1.8.1.2/contrib/fast-import:
git-import.perl
git-import.sh
git-p4.README
import-directories.perl
import-tars.perl
import-zips.py

/home/webonise/Downloads/git-1.8.1.2/contrib/git-jump:
git-jump
README

/home/webonise/Downloads/git-1.8.1.2/contrib/git-shell-commands:
help
list
README

/home/webonise/Downloads/git-1.8.1.2/contrib/gitview:
gitview
gitview.txt

/home/webonise/Downloads/git-1.8.1.2/contrib/hg-to-git:
hg-to-git.py
hg-to-git.txt

/home/webonise/Downloads/git-1.8.1.2/contrib/hooks:
post-receive-email
pre-auto-gc-battery
setgitperms.perl
update-paranoid

/home/webonise/Downloads/git-1.8.1.2/contrib/mw-to-git:
git-remote-mediawiki
git-remote-mediawiki.txt
Makefile
t

/home/webonise/Downloads/git-1.8.1.2/contrib/mw-to-git/t:
install-wiki
install-wiki.sh
Makefile
push-pull-tests.sh
README
t9360-mw-to-git-clone.sh
t9361-mw-to-git-push-pull.sh
t9362-mw-to-git-utf8.sh
t9363-mw-to-git-export-import.sh
t9364-pull-by-rev.sh
test.config
test-gitmw-lib.sh
test-gitmw.pl

/home/webonise/Downloads/git-1.8.1.2/contrib/mw-to-git/t/install-wiki:
db_install.php
LocalSettings.php

/home/webonise/Downloads/git-1.8.1.2/contrib/p4import:
git-p4import.py
git-p4import.txt
README

/home/webonise/Downloads/git-1.8.1.2/contrib/patches:
docbook-xsl-manpages-charmap.patch

/home/webonise/Downloads/git-1.8.1.2/contrib/persistent-https:
client.go
LICENSE
main.go
Makefile
proxy.go
README
socket.go

/home/webonise/Downloads/git-1.8.1.2/contrib/remote-helpers:
git-remote-hg
Makefile
test-hg-bidi.sh
test-hg-hg-git.sh
test-hg.sh

/home/webonise/Downloads/git-1.8.1.2/contrib/stats:
git-common-hash
mailmap.pl
packinfo.pl

/home/webonise/Downloads/git-1.8.1.2/contrib/subtree:
COPYING
git-subtree.sh
git-subtree.txt
INSTALL
Makefile
README
t
todo

/home/webonise/Downloads/git-1.8.1.2/contrib/subtree/t:
Makefile
t7900-subtree.sh

/home/webonise/Downloads/git-1.8.1.2/contrib/svn-fe:
Makefile
svn-fe.c
svn-fe.txt
svnrdump_sim.py

/home/webonise/Downloads/git-1.8.1.2/contrib/thunderbird-patch-inline:
appp.sh
README

/home/webonise/Downloads/git-1.8.1.2/contrib/vim:
README

/home/webonise/Downloads/git-1.8.1.2/contrib/workdir:
git-new-workdir

/home/webonise/Downloads/git-1.8.1.2/Documentation:
asciidoc.conf
blame-options.txt
build-docdep.perl
cat-texi.perl
cmd-list.perl
CodingGuidelines
config.txt
date-formats.txt
diff-config.txt
diff-format.txt
diff-generate-patch.txt
diff-options.txt
docbook.xsl
docbook-xsl.css
everyday.txt
fetch-options.txt
fix-texi.perl
git-add.txt
git-am.txt
git-annotate.txt
git-apply.txt
git-archimport.txt
git-archive.txt
gitattributes.txt
git-bisect-lk2009.txt
git-bisect.txt
git-blame.txt
git-branch.txt
git-bundle.txt
git-cat-file.txt
git-check-attr.txt
git-checkout-index.txt
git-checkout.txt
git-check-ref-format.txt
git-cherry-pick.txt
git-cherry.txt
git-citool.txt
git-clean.txt
gitcli.txt
git-clone.txt
git-column.txt
git-commit-tree.txt
git-commit.txt
git-config.txt
gitcore-tutorial.txt
git-count-objects.txt
git-credential-cache--daemon.txt
git-credential-cache.txt
git-credential-store.txt
gitcredentials.txt
git-credential.txt
git-cvsexportcommit.txt
git-cvsimport.txt
gitcvs-migration.txt
git-cvsserver.txt
git-daemon.txt
git-describe.txt
gitdiffcore.txt
git-diff-files.txt
git-diff-index.txt
git-difftool.txt
git-diff-tree.txt
git-diff.txt
git-fast-export.txt
git-fast-import.txt
git-fetch-pack.txt
git-fetch.txt
git-filter-branch.txt
git-fmt-merge-msg.txt
git-for-each-ref.txt
git-format-patch.txt
git-fsck-objects.txt
git-fsck.txt
git-gc.txt
git-get-tar-commit-id.txt
gitglossary.txt
git-grep.txt
git-gui.txt
git-hash-object.txt
git-help.txt
githooks.txt
git-http-backend.txt
git-http-fetch.txt
git-http-push.txt
gitignore.txt
git-imap-send.txt
git-index-pack.txt
git-init-db.txt
git-init.txt
git-instaweb.txt
gitk.txt
git-log.txt
git-lost-found.txt
git-ls-files.txt
git-ls-remote.txt
git-ls-tree.txt
git-mailinfo.txt
git-mailsplit.txt
git-merge-base.txt
git-merge-file.txt
git-merge-index.txt
git-merge-one-file.txt
git-mergetool--lib.txt
git-mergetool.txt
git-merge-tree.txt
git-merge.txt
git-mktag.txt
git-mktree.txt
gitmodules.txt
git-mv.txt
git-name-rev.txt
gitnamespaces.txt
git-notes.txt
git-p4.txt
git-pack-objects.txt
git-pack-redundant.txt
git-pack-refs.txt
git-parse-remote.txt
git-patch-id.txt
git-peek-remote.txt
git-prune-packed.txt
git-prune.txt
git-pull.txt
git-push.txt
git-quiltimport.txt
git-read-tree.txt
git-rebase.txt
git-receive-pack.txt
git-reflog.txt
git-relink.txt
git-remote-ext.txt
git-remote-fd.txt
git-remote-helpers.txt
git-remote-testgit.txt
git-remote.txt
git-repack.txt
git-replace.txt
git-repo-config.txt
gitrepository-layout.txt
git-request-pull.txt
git-rerere.txt
git-reset.txt
git-revert.txt
gitrevisions.txt
git-rev-list.txt
git-rev-parse.txt
git-rm.txt
git-send-email.txt
git-send-pack.txt
git-shell.txt
git-sh-i18n--envsubst.txt
git-sh-i18n.txt
git-shortlog.txt
git-show-branch.txt
git-show-index.txt
git-show-ref.txt
git-show.txt
git-sh-setup.txt
git-stage.txt
git-stash.txt
git-status.txt
git-stripspace.txt
git-submodule.txt
git-svn.txt
git-symbolic-ref.txt
git-tag.txt
git-tar-tree.txt
git-tools.txt
gittutorial-2.txt
gittutorial.txt
git.txt
git-unpack-file.txt
git-unpack-objects.txt
git-update-index.txt
git-update-ref.txt
git-update-server-info.txt
git-upload-archive.txt
git-upload-pack.txt
git-var.txt
git-verify-pack.txt
git-verify-tag.txt
git-web--browse.txt
gitweb.conf.txt
gitweb.txt
git-whatchanged.txt
gitworkflows.txt
git-write-tree.txt
glossary-content.txt
howto
howto-index.sh
i18n.txt
install-doc-quick.sh
install-webdoc.sh
mailmap.txt
Makefile
manpage-1.72.xsl
manpage-base-url.xsl.in
manpage-base.xsl
manpage-bold-literal.xsl
manpage-normal.xsl
manpage-quote-apos.xsl
manpage-suppress-sp.xsl
merge-config.txt
merge-options.txt
merge-strategies.txt
pretty-formats.txt
pretty-options.txt
pull-fetch-param.txt
RelNotes
revisions.txt
rev-list-options.txt
sequencer.txt
SubmittingPatches
technical
urls-remotes.txt
urls.txt
user-manual.conf
user-manual.txt

/home/webonise/Downloads/git-1.8.1.2/Documentation/howto:
maintain-git.txt
new-command.txt
rebase-from-internal-branch.txt
rebuild-from-update-hook.txt
recover-corrupted-blob-object.txt
revert-a-faulty-merge.txt
revert-branch-rebase.txt
separating-topic-branches.txt
setup-git-server-over-http.txt
update-hook-example.txt
use-git-daemon.txt
using-merge-subtree.txt
using-signed-tag-in-pull-request.txt

/home/webonise/Downloads/git-1.8.1.2/Documentation/RelNotes:
1.5.0.1.txt
1.5.0.2.txt
1.5.0.3.txt
1.5.0.4.txt
1.5.0.5.txt
1.5.0.6.txt
1.5.0.7.txt
1.5.0.txt
1.5.1.1.txt
1.5.1.2.txt
1.5.1.3.txt
1.5.1.4.txt
1.5.1.5.txt
1.5.1.6.txt
1.5.1.txt
1.5.2.1.txt
1.5.2.2.txt
1.5.2.3.txt
1.5.2.4.txt
1.5.2.5.txt
1.5.2.txt
1.5.3.1.txt
1.5.3.2.txt
1.5.3.3.txt
1.5.3.4.txt
1.5.3.5.txt
1.5.3.6.txt
1.5.3.7.txt
1.5.3.8.txt
1.5.3.txt
1.5.4.1.txt
1.5.4.2.txt
1.5.4.3.txt
1.5.4.4.txt
1.5.4.5.txt
1.5.4.6.txt
1.5.4.7.txt
1.5.4.txt
1.5.5.1.txt
1.5.5.2.txt
1.5.5.3.txt
1.5.5.4.txt
1.5.5.5.txt
1.5.5.6.txt
1.5.5.txt
1.5.6.1.txt
1.5.6.2.txt
1.5.6.3.txt
1.5.6.4.txt
1.5.6.5.txt
1.5.6.6.txt
1.5.6.txt
1.6.0.1.txt
1.6.0.2.txt
1.6.0.3.txt
1.6.0.4.txt
1.6.0.5.txt
1.6.0.6.txt
1.6.0.txt
1.6.1.1.txt
1.6.1.2.txt
1.6.1.3.txt
1.6.1.4.txt
1.6.1.txt
1.6.2.1.txt
1.6.2.2.txt
1.6.2.3.txt
1.6.2.4.txt
1.6.2.5.txt
1.6.2.txt
1.6.3.1.txt
1.6.3.2.txt
1.6.3.3.txt
1.6.3.4.txt
1.6.3.txt
1.6.4.1.txt
1.6.4.2.txt
1.6.4.3.txt
1.6.4.4.txt
1.6.4.5.txt
1.6.4.txt
1.6.5.1.txt
1.6.5.2.txt
1.6.5.3.txt
1.6.5.4.txt
1.6.5.5.txt
1.6.5.6.txt
1.6.5.7.txt
1.6.5.8.txt
1.6.5.9.txt
1.6.5.txt
1.6.6.1.txt
1.6.6.2.txt
1.6.6.3.txt
1.6.6.txt
1.7.0.1.txt
1.7.0.2.txt
1.7.0.3.txt
1.7.0.4.txt
1.7.0.5.txt
1.7.0.6.txt
1.7.0.7.txt
1.7.0.8.txt
1.7.0.9.txt
1.7.0.txt
1.7.10.1.txt
1.7.10.2.txt
1.7.10.3.txt
1.7.10.4.txt
1.7.10.5.txt
1.7.10.txt
1.7.11.1.txt
1.7.11.2.txt
1.7.11.3.txt
1.7.11.4.txt
1.7.11.5.txt
1.7.11.6.txt
1.7.11.7.txt
1.7.1.1.txt
1.7.11.txt
1.7.12.1.txt
1.7.12.2.txt
1.7.12.3.txt
1.7.12.4.txt
1.7.1.2.txt
1.7.12.txt
1.7.1.3.txt
1.7.1.4.txt
1.7.1.txt
1.7.2.1.txt
1.7.2.2.txt
1.7.2.3.txt
1.7.2.4.txt
1.7.2.5.txt
1.7.2.txt
1.7.3.1.txt
1.7.3.2.txt
1.7.3.3.txt
1.7.3.4.txt
1.7.3.5.txt
1.7.3.txt
1.7.4.1.txt
1.7.4.2.txt
1.7.4.3.txt
1.7.4.4.txt
1.7.4.5.txt
1.7.4.txt
1.7.5.1.txt
1.7.5.2.txt
1.7.5.3.txt
1.7.5.4.txt
1.7.5.txt
1.7.6.1.txt
1.7.6.2.txt
1.7.6.3.txt
1.7.6.4.txt
1.7.6.5.txt
1.7.6.6.txt
1.7.6.txt
1.7.7.1.txt
1.7.7.2.txt
1.7.7.3.txt
1.7.7.4.txt
1.7.7.5.txt
1.7.7.6.txt
1.7.7.7.txt
1.7.7.txt
1.7.8.1.txt
1.7.8.2.txt
1.7.8.3.txt
1.7.8.4.txt
1.7.8.5.txt
1.7.8.6.txt
1.7.8.txt
1.7.9.1.txt
1.7.9.2.txt
1.7.9.3.txt
1.7.9.4.txt
1.7.9.5.txt
1.7.9.6.txt
1.7.9.7.txt
1.7.9.txt
1.8.0.1.txt
1.8.0.2.txt
1.8.0.3.txt
1.8.0.txt
1.8.1.1.txt
1.8.1.2.txt
1.8.1.txt

/home/webonise/Downloads/git-1.8.1.2/Documentation/technical:
api-allocation-growing.txt
api-argv-array.txt
api-builtin.txt
api-config.txt
api-credentials.txt
api-decorate.txt
api-diff.txt
api-directory-listing.txt
api-gitattributes.txt
api-grep.txt
api-hash.txt
api-history-graph.txt
api-in-core-index.txt
api-index.sh
api-index-skel.txt
api-lockfile.txt
api-merge.txt
api-object-access.txt
api-parse-options.txt
api-quote.txt
api-ref-iteration.txt
api-remote.txt
api-revision-walking.txt
api-run-command.txt
api-setup.txt
api-sha1-array.txt
api-sigchain.txt
api-strbuf.txt
api-string-list.txt
api-tree-walking.txt
api-xdiff-interface.txt
index-format.txt
pack-format.txt
pack-heuristics.txt
pack-protocol.txt
protocol-capabilities.txt
protocol-common.txt
racy-git.txt
send-pack-pipeline.txt
shallow.txt
trivial-merge.txt

/home/webonise/Downloads/git-1.8.1.2/git-gui:
git-gui
git-gui--askpass
git-gui.sh
GIT-GUI-VARS
GIT-VERSION-FILE
GIT-VERSION-GEN
lib
macosx
Makefile
po
version
windows

/home/webonise/Downloads/git-1.8.1.2/git-gui/lib:
about.tcl
blame.tcl
branch_checkout.tcl
branch_create.tcl
branch_delete.tcl
branch_rename.tcl
branch.tcl
browser.tcl
checkout_op.tcl
choose_font.tcl
choose_repository.tcl
choose_rev.tcl
class.tcl
commit.tcl
console.tcl
database.tcl
date.tcl
diff.tcl
encoding.tcl
error.tcl
git-gui.ico
index.tcl
line.tcl
logo.tcl
merge.tcl
mergetool.tcl
option.tcl
remote_add.tcl
remote_branch_delete.tcl
remote.tcl
search.tcl
shortcut.tcl
spellcheck.tcl
sshkey.tcl
status_bar.tcl
tclIndex
themed.tcl
tools_dlg.tcl
tools.tcl
transport.tcl
win32_shortcut.js
win32.tcl

/home/webonise/Downloads/git-1.8.1.2/git-gui/macosx:
AppMain.tcl
git-gui.icns
Info.plist

/home/webonise/Downloads/git-1.8.1.2/git-gui/po:
de.msg
de.po
el.msg
el.po
fr.msg
fr.po
git-gui.pot
glossary
hu.msg
hu.po
it.msg
it.po
ja.msg
ja.po
nb.msg
nb.po
po2msg.sh
pt_br.msg
pt_br.po
README
ru.msg
ru.po
sv.msg
sv.po
zh_cn.msg
zh_cn.po

/home/webonise/Downloads/git-1.8.1.2/git-gui/po/glossary:
de.po
el.po
fr.po
git-gui-glossary.pot
git-gui-glossary.txt
it.po
Makefile
pt_br.po
txt-to-pot.sh
zh_cn.po

/home/webonise/Downloads/git-1.8.1.2/git-gui/windows:
git-gui.sh

/home/webonise/Downloads/git-1.8.1.2/gitk-git:
gitk
gitk-wish
Makefile
po

/home/webonise/Downloads/git-1.8.1.2/gitk-git/po:
de.msg
de.po
es.msg
es.po
fr.msg
fr.po
hu.msg
hu.po
it.msg
it.po
ja.msg
ja.po
po2msg.sh
pt_br.msg
pt_br.po
ru.msg
ru.po
sv.msg
sv.po

/home/webonise/Downloads/git-1.8.1.2/git_remote_helpers:
build
git
__init__.py
Makefile
setup.cfg
setup.py
util.py

/home/webonise/Downloads/git-1.8.1.2/git_remote_helpers/build:
lib

/home/webonise/Downloads/git-1.8.1.2/git_remote_helpers/build/lib:
git_remote_helpers

/home/webonise/Downloads/git-1.8.1.2/git_remote_helpers/build/lib/git_remote_helpers:
git
__init__.py
util.py

/home/webonise/Downloads/git-1.8.1.2/git_remote_helpers/build/lib/git_remote_helpers/git:
exporter.py
git.py
importer.py
__init__.py
non_local.py
repo.py

/home/webonise/Downloads/git-1.8.1.2/git_remote_helpers/git:
exporter.py
git.py
importer.py
__init__.py
non_local.py
repo.py

/home/webonise/Downloads/git-1.8.1.2/gitweb:
GITWEB-BUILD-OPTIONS
gitweb.cgi
gitweb.perl
INSTALL
Makefile
README
static

/home/webonise/Downloads/git-1.8.1.2/gitweb/static:
git-favicon.png
git-logo.png
gitweb.css
gitweb.js
js

/home/webonise/Downloads/git-1.8.1.2/gitweb/static/js:
adjust-timezone.js
blame_incremental.js
javascript-detection.js
lib
README

/home/webonise/Downloads/git-1.8.1.2/gitweb/static/js/lib:
common-lib.js
cookies.js
datetime.js

/home/webonise/Downloads/git-1.8.1.2/mergetools:
araxis
bc3
codecompare
defaults
deltawalker
diffuse
ecmerge
emerge
kdiff3
kompare
meld
opendiff
p4merge
tkdiff
tortoisemerge
vim
xxdiff

/home/webonise/Downloads/git-1.8.1.2/perl:
blib
Git
Git.pm
Makefile
Makefile.PL
MYMETA.yml
perl.mak
PM.stamp
pm_to_blib
private-Error.pm

/home/webonise/Downloads/git-1.8.1.2/perl/blib:
arch
bin
lib
man1
man3
script

/home/webonise/Downloads/git-1.8.1.2/perl/blib/arch:
auto

/home/webonise/Downloads/git-1.8.1.2/perl/blib/arch/auto:
Git

/home/webonise/Downloads/git-1.8.1.2/perl/blib/arch/auto/Git:

/home/webonise/Downloads/git-1.8.1.2/perl/blib/bin:

/home/webonise/Downloads/git-1.8.1.2/perl/blib/lib:
auto
Git
Git.pm

/home/webonise/Downloads/git-1.8.1.2/perl/blib/lib/auto:
Git

/home/webonise/Downloads/git-1.8.1.2/perl/blib/lib/auto/Git:

/home/webonise/Downloads/git-1.8.1.2/perl/blib/lib/Git:
I18N.pm
IndexInfo.pm
SVN
SVN.pm

/home/webonise/Downloads/git-1.8.1.2/perl/blib/lib/Git/SVN:
Editor.pm
Fetcher.pm
GlobSpec.pm
Log.pm
Memoize
Migration.pm
Prompt.pm
Ra.pm
Utils.pm

/home/webonise/Downloads/git-1.8.1.2/perl/blib/lib/Git/SVN/Memoize:
YAML.pm

/home/webonise/Downloads/git-1.8.1.2/perl/blib/man1:

/home/webonise/Downloads/git-1.8.1.2/perl/blib/man3:
Git.3pm
Git::I18N.3pm
Git::SVN::Editor.3pm
Git::SVN::Fetcher.3pm
Git::SVN::Memoize::YAML.3pm
Git::SVN::Prompt.3pm
Git::SVN::Ra.3pm
Git::SVN::Utils.3pm

/home/webonise/Downloads/git-1.8.1.2/perl/blib/script:

/home/webonise/Downloads/git-1.8.1.2/perl/Git:
I18N.pm
IndexInfo.pm
SVN
SVN.pm

/home/webonise/Downloads/git-1.8.1.2/perl/Git/SVN:
Editor.pm
Fetcher.pm
GlobSpec.pm
Log.pm
Memoize
Migration.pm
Prompt.pm
Ra.pm
Utils.pm

/home/webonise/Downloads/git-1.8.1.2/perl/Git/SVN/Memoize:
YAML.pm

/home/webonise/Downloads/git-1.8.1.2/po:
build
da.po
de.po
git.pot
is.po
it.po
nl.po
pt_PT.po
README
sv.po
TEAMS
vi.po
zh_CN.po

/home/webonise/Downloads/git-1.8.1.2/po/build:
locale

/home/webonise/Downloads/git-1.8.1.2/po/build/locale:
da
de
is
it
nl
pt_PT
sv
vi
zh_CN

/home/webonise/Downloads/git-1.8.1.2/po/build/locale/da:
LC_MESSAGES

/home/webonise/Downloads/git-1.8.1.2/po/build/locale/da/LC_MESSAGES:
git.mo

/home/webonise/Downloads/git-1.8.1.2/po/build/locale/de:
LC_MESSAGES

/home/webonise/Downloads/git-1.8.1.2/po/build/locale/de/LC_MESSAGES:
git.mo

/home/webonise/Downloads/git-1.8.1.2/po/build/locale/is:
LC_MESSAGES

/home/webonise/Downloads/git-1.8.1.2/po/build/locale/is/LC_MESSAGES:
git.mo

/home/webonise/Downloads/git-1.8.1.2/po/build/locale/it:
LC_MESSAGES

/home/webonise/Downloads/git-1.8.1.2/po/build/locale/it/LC_MESSAGES:
git.mo

/home/webonise/Downloads/git-1.8.1.2/po/build/locale/nl:
LC_MESSAGES

/home/webonise/Downloads/git-1.8.1.2/po/build/locale/nl/LC_MESSAGES:
git.mo

/home/webonise/Downloads/git-1.8.1.2/po/build/locale/pt_PT:
LC_MESSAGES

/home/webonise/Downloads/git-1.8.1.2/po/build/locale/pt_PT/LC_MESSAGES:
git.mo

/home/webonise/Downloads/git-1.8.1.2/po/build/locale/sv:
LC_MESSAGES

/home/webonise/Downloads/git-1.8.1.2/po/build/locale/sv/LC_MESSAGES:
git.mo

/home/webonise/Downloads/git-1.8.1.2/po/build/locale/vi:
LC_MESSAGES

/home/webonise/Downloads/git-1.8.1.2/po/build/locale/vi/LC_MESSAGES:
git.mo

/home/webonise/Downloads/git-1.8.1.2/po/build/locale/zh_CN:
LC_MESSAGES

/home/webonise/Downloads/git-1.8.1.2/po/build/locale/zh_CN/LC_MESSAGES:
git.mo

/home/webonise/Downloads/git-1.8.1.2/ppc:
sha1.c
sha1.h
sha1ppc.S

/home/webonise/Downloads/git-1.8.1.2/t:
aggregate-results.sh
annotate-tests.sh
diff-lib.sh
Git-SVN
gitweb-lib.sh
lib-bash.sh
lib-credential.sh
lib-cvs.sh
lib-diff-alternative.sh
lib-gettext.sh
lib-git-daemon.sh
lib-git-p4.sh
lib-git-svn.sh
lib-gpg
lib-gpg.sh
lib-httpd
lib-httpd.sh
lib-pager.sh
lib-patch-mode.sh
lib-prereq-FILEMODE.sh
lib-read-tree-m-3way.sh
lib-read-tree.sh
lib-rebase.sh
lib-t6000.sh
lib-terminal.sh
Makefile
perf
README
t0000-basic.sh
t0001-init.sh
t0002-gitfile.sh
t0003-attributes.sh
t0004-unwritable.sh
t0005-signals.sh
t0006-date.sh
t0007-git-var.sh
t0010-racy-git.sh
t0020-crlf.sh
t0021-conversion.sh
t0022-crlf-rename.sh
t0023-crlf-am.sh
t0024-crlf-archive.sh
t0025-crlf-auto.sh
t0026-eol-config.sh
t0030-stripspace.sh
t0040-parse-options.sh
t0050-filesystem.sh
t0055-beyond-symlinks.sh
t0060-path-utils.sh
t0061-run-command.sh
t0062-revision-walking.sh
t0063-string-list.sh
t0070-fundamental.sh
t0081-line-buffer.sh
t0090-cache-tree.sh
t0100-previous.sh
t0101-at-syntax.sh
t0200
t0200-gettext-basic.sh
t0201-gettext-fallbacks.sh
t0202
t0202-gettext-perl.sh
t0203-gettext-setlocale-sanity.sh
t0204-gettext-reencode-sanity.sh
t0205-gettext-poison.sh
t0300-credentials.sh
t0301-credential-cache.sh
t0302-credential-store.sh
t0303-credential-external.sh
t1000-read-tree-m-3way.sh
t1001-read-tree-m-2way.sh
t1002-read-tree-m-u-2way.sh
t1003-read-tree-prefix.sh
t1004-read-tree-m-u-wf.sh
t1005-read-tree-reset.sh
t1006-cat-file.sh
t1007-hash-object.sh
t1008-read-tree-overlay.sh
t1009-read-tree-new-index.sh
t1010-mktree.sh
t1011-read-tree-sparse-checkout.sh
t1012-read-tree-df.sh
t1013
t1013-loose-object-format.sh
t1020-subdirectory.sh
t1021-rerere-in-workdir.sh
t1050-large.sh
t1051-large-conversion.sh
t1100-commit-tree-options.sh
t1200-tutorial.sh
t1300-repo-config.sh
t1301-shared-repo.sh
t1302-repo-version.sh
t1303-wacky-config.sh
t1304-default-acl.sh
t1305-config-include.sh
t1306-xdg-files.sh
t1400-update-ref.sh
t1401-symbolic-ref.sh
t1402-check-ref-format.sh
t1410-reflog.sh
t1411-reflog-show.sh
t1412-reflog-loop.sh
t1420-lost-found.sh
t1450-fsck.sh
t1500-rev-parse.sh
t1501-worktree.sh
t1502-rev-parse-parseopt.sh
t1503-rev-parse-verify.sh
t1504-ceiling-dirs.sh
t1505-rev-parse-last.sh
t1506-rev-parse-diagnosis.sh
t1507-rev-parse-upstream.sh
t1508-at-combinations.sh
t1509
t1509-root-worktree.sh
t1510-repo-setup.sh
t1511-rev-parse-caret.sh
t1512-rev-parse-disambiguation.sh
t2000-checkout-cache-clash.sh
t2001-checkout-cache-clash.sh
t2002-checkout-cache-u.sh
t2003-checkout-cache-mkdir.sh
t2004-checkout-cache-temp.sh
t2005-checkout-index-symlinks.sh
t2006-checkout-index-basic.sh
t2007-checkout-symlink.sh
t2008-checkout-subdir.sh
t2009-checkout-statinfo.sh
t2010-checkout-ambiguous.sh
t2011-checkout-invalid-head.sh
t2012-checkout-last.sh
t2013-checkout-submodule.sh
t2014-switch.sh
t2015-checkout-unborn.sh
t2016-checkout-patch.sh
t2017-checkout-orphan.sh
t2018-checkout-branch.sh
t2019-checkout-ambiguous-ref.sh
t2020-checkout-detach.sh
t2021-checkout-overwrite.sh
t2022-checkout-paths.sh
t2023-checkout-m.sh
t2030-unresolve-info.sh
t2050-git-dir-relative.sh
t2100-update-cache-badpath.sh
t2101-update-index-reupdate.sh
t2102-update-index-symlinks.sh
t2103-update-index-ignore-missing.sh
t2104-update-index-skip-worktree.sh
t2105-update-index-gitfile.sh
t2106-update-index-assume-unchanged.sh
t2107-update-index-basic.sh
t2200-add-update.sh
t2201-add-update-typechange.sh
t2202-add-addremove.sh
t2203-add-intent.sh
t2204-add-ignored.sh
t2300-cd-to-toplevel.sh
t3000-ls-files-others.sh
t3001-ls-files-others-exclude.sh
t3002-ls-files-dashpath.sh
t3003-ls-files-exclude.sh
t3004-ls-files-basic.sh
t3005-ls-files-relative.sh
t3006-ls-files-long.sh
t3010-ls-files-killed-modified.sh
t3020-ls-files-error-unmatch.sh
t3030-merge-recursive.sh
t3031-merge-criscross.sh
t3032-merge-recursive-options.sh
t3040-subprojects-basic.sh
t3050-subprojects-fetch.sh
t3060-ls-files-with-tree.sh
t3100-ls-tree-restrict.sh
t3101-ls-tree-dirname.sh
t3102-ls-tree-wildcards.sh
t3103-ls-tree-misc.sh
t3200-branch.sh
t3201-branch-contains.sh
t3202-show-branch-octopus.sh
t3203-branch-output.sh
t3210-pack-refs.sh
t3300-funny-names.sh
t3301-notes.sh
t3302-notes-index-expensive.sh
t3303-notes-subtrees.sh
t3304-notes-mixed.sh
t3305-notes-fanout.sh
t3306-notes-prune.sh
t3307-notes-man.sh
t3308-notes-merge.sh
t3309-notes-merge-auto-resolve.sh
t3310-notes-merge-manual-resolve.sh
t3311-notes-merge-fanout.sh
t3400-rebase.sh
t3401-rebase-partial.sh
t3402-rebase-merge.sh
t3403-rebase-skip.sh
t3404-rebase-interactive.sh
t3405-rebase-malformed.sh
t3406-rebase-message.sh
t3407-rebase-abort.sh
t3408-rebase-multi-line.sh
t3409-rebase-preserve-merges.sh
t3410-rebase-preserve-dropped-merges.sh
t3411-rebase-preserve-around-merges.sh
t3412-rebase-root.sh
t3413-rebase-hook.sh
t3414-rebase-preserve-onto.sh
t3415-rebase-autosquash.sh
t3416-rebase-onto-threedots.sh
t3417-rebase-whitespace-fix.sh
t3418-rebase-continue.sh
t3419-rebase-patch-id.sh
t3500-cherry.sh
t3501-revert-cherry-pick.sh
t3502-cherry-pick-merge.sh
t3503-cherry-pick-root.sh
t3504-cherry-pick-rerere.sh
t3505-cherry-pick-empty.sh
t3506-cherry-pick-ff.sh
t3507-cherry-pick-conflict.sh
t3508-cherry-pick-many-commits.sh
t3509-cherry-pick-merge-df.sh
t3510-cherry-pick-sequence.sh
t3600-rm.sh
t3700-add.sh
t3701-add-interactive.sh
t3702-add-edit.sh
t3703-add-magic-pathspec.sh
t3800-mktag.sh
t3900
t3900-i18n-commit.sh
t3901-8859-1.txt
t3901-i18n-patch.sh
t3901-utf8.txt
t3902-quoted.sh
t3903-stash.sh
t3904-stash-patch.sh
t3905-stash-include-untracked.sh
t3910-mac-os-precompose.sh
t4000-diff-format.sh
t4001-diff-rename.sh
t4002-diff-basic.sh
t4003-diff-rename-1.sh
t4004-diff-rename-symlink.sh
t4005-diff-rename-2.sh
t4006-diff-mode.sh
t4007-rename-3.sh
t4008-diff-break-rewrite.sh
t4009-diff-rename-4.sh
t4010-diff-pathspec.sh
t4011-diff-symlink.sh
t4012-diff-binary.sh
t4013
t4013-diff-various.sh
t4014-format-patch.sh
t4015-diff-whitespace.sh
t4016-diff-quote.sh
t4017-diff-retval.sh
t4018-diff-funcname.sh
t4019-diff-wserror.sh
t4020
t4020-diff-external.sh
t4021-format-patch-numbered.sh
t4022-diff-rewrite.sh
t4023-diff-rename-typechange.sh
t4024-diff-optimize-common.sh
t4025-hunk-header.sh
t4026-color.sh
t4027-diff-submodule.sh
t4028-format-patch-mime-headers.sh
t4029-diff-trailing-space.sh
t4030-diff-textconv.sh
t4031-diff-rewrite-binary.sh
t4032-diff-inter-hunk-context.sh
t4033-diff-patience.sh
t4034
t4034-diff-words.sh
t4035-diff-quiet.sh
t4036-format-patch-signer-mime.sh
t4037-diff-r-t-dirs.sh
t4038-diff-combined.sh
t4039-diff-assume-unchanged.sh
t4040-whitespace-status.sh
t4041-diff-submodule-option.sh
t4042-diff-textconv-caching.sh
t4043-diff-rename-binary.sh
t4044-diff-index-unique-abbrev.sh
t4045-diff-relative.sh
t4046-diff-unmerged.sh
t4047-diff-dirstat.sh
t4048-diff-combined-binary.sh
t4049-diff-stat-count.sh
t4050-diff-histogram.sh
t4051-diff-function-context.sh
t4052-stat-output.sh
t4053-diff-no-index.sh
t4054-diff-bogus-tree.sh
t4055-diff-context.sh
t4100
t4100-apply-stat.sh
t4101
t4101-apply-nonl.sh
t4102-apply-rename.sh
t4103-apply-binary.sh
t4104-apply-boundary.sh
t4105-apply-fuzz.sh
t4106-apply-stdin.sh
t4107-apply-ignore-whitespace.sh
t4108-apply-threeway.sh
t4109
t4109-apply-multifrag.sh
t4110
t4110-apply-scan.sh
t4111-apply-subdir.sh
t4112-apply-renames.sh
t4113-apply-ending.sh
t4114-apply-typechange.sh
t4115-apply-symlink.sh
t4116-apply-reverse.sh
t4117-apply-reject.sh
t4118-apply-empty-context.sh
t4119-apply-config.sh
t4120-apply-popt.sh
t4121-apply-diffs.sh
t4122-apply-symlink-inside.sh
t4123-apply-shrink.sh
t4124-apply-ws-rule.sh
t4125-apply-ws-fuzz.sh
t4126-apply-empty.sh
t4127-apply-same-fn.sh
t4128-apply-root.sh
t4129-apply-samemode.sh
t4130-apply-criss-cross-rename.sh
t4131-apply-fake-ancestor.sh
t4132-apply-removal.sh
t4133-apply-filenames.sh
t4134-apply-submodule.sh
t4135
t4135-apply-weird-filenames.sh
t4136-apply-check.sh
t4150-am.sh
t4151-am-abort.sh
t4152-am-subjects.sh
t4200-rerere.sh
t4201-shortlog.sh
t4202-log.sh
t4203-mailmap.sh
t4204-patch-id.sh
t4205-log-pretty-formats.sh
t4206-log-follow-harder-copies.sh
t4207-log-decoration-colors.sh
t4208-log-magic-pathspec.sh
t4209-log-pickaxe.sh
t4252
t4252-am-options.sh
t4253-am-keep-cr-dos.sh
t4254-am-corrupt.sh
t4300-merge-tree.sh
t5000-tar-tree.sh
t5001-archive-attr.sh
t5002-archive-attr-pattern.sh
t5003
t5003-archive-zip.sh
t5100
t5100-mailinfo.sh
t5150-request-pull.sh
t5300-pack-object.sh
t5301-sliding-window.sh
t5302-pack-index.sh
t5303-pack-corruption-resilience.sh
t5304-prune.sh
t5305-include-tag.sh
t5306-pack-nobase.sh
t5307-pack-missing-commit.sh
t5400-send-pack.sh
t5401-update-hooks.sh
t5402-post-merge-hook.sh
t5403-post-checkout-hook.sh
t5404-tracking-branches.sh
t5405-send-pack-rewind.sh
t5406-remote-rejects.sh
t5407-post-rewrite-hook.sh
t5500-fetch-pack.sh
t5501-fetch-push-alternates.sh
t5502-quickfetch.sh
t5503-tagfollow.sh
t5504-fetch-receive-strict.sh
t5505-remote.sh
t5506-remote-groups.sh
t5509-fetch-push-namespaces.sh
t5510-fetch.sh
t5511-refspec.sh
t5512-ls-remote.sh
t5513-fetch-track.sh
t5514-fetch-multiple.sh
t5515
t5515-fetch-merge-logic.sh
t5516-fetch-push.sh
t5517-push-mirror.sh
t5518-fetch-exit-status.sh
t5519-push-alternates.sh
t5520-pull.sh
t5521-pull-options.sh
t5522-pull-symlink.sh
t5523-push-upstream.sh
t5524-pull-msg.sh
t5525-fetch-tagopt.sh
t5526-fetch-submodules.sh
t5527-fetch-odd-refs.sh
t5528-push-default.sh
t5530-upload-pack-error.sh
t5531-deep-submodule-push.sh
t5532-fetch-proxy.sh
t5535-fetch-push-symref.sh
t5540-http-push.sh
t5541-http-push.sh
t5550-http-fetch.sh
t5551-http-fetch.sh
t5560-http-backend-noserver.sh
t5561-http-backend.sh
t556x_common
t5570-git-daemon.sh
t5600-clone-fail-cleanup.sh
t5601-clone.sh
t5602-clone-remote-exec.sh
t5700-clone-reference.sh
t5701-clone-local.sh
t5702-clone-options.sh
t5704-bundle.sh
t5705-clone-2gb.sh
t5706-clone-branch.sh
t5707-clone-detached.sh
t5708-clone-config.sh
t5709-clone-refspec.sh
t5710-info-alternate.sh
t5800-remote-helpers.sh
t5900-repo-selection.sh
t6000-rev-list-misc.sh
t6001-rev-list-graft.sh
t6002-rev-list-bisect.sh
t6003-rev-list-topo-order.sh
t6004-rev-list-path-optim.sh
t6005-rev-list-count.sh
t6006-rev-list-format.sh
t6007-rev-list-cherry-pick-file.sh
t6008-rev-list-submodule.sh
t6009-rev-list-parent.sh
t6010-merge-base.sh
t6011-rev-list-with-bad-commit.sh
t6012-rev-list-simplify.sh
t6013-rev-list-reverse-parents.sh
t6014-rev-list-all.sh
t6015-rev-list-show-all-parents.sh
t6016-rev-list-graph-simplify-history.sh
t6017-rev-list-stdin.sh
t6018-rev-list-glob.sh
t6019-rev-list-ancestry-path.sh
t6020-merge-df.sh
t6021-merge-criss-cross.sh
t6022-merge-rename.sh
t6023-merge-file.sh
t6024-recursive-merge.sh
t6025-merge-symlinks.sh
t6026-merge-attr.sh
t6027-merge-binary.sh
t6028-merge-up-to-date.sh
t6029-merge-subtree.sh
t6030-bisect-porcelain.sh
t6031-merge-recursive.sh
t6032-merge-large-rename.sh
t6033-merge-crlf.sh
t6034-merge-rename-nocruft.sh
t6035-merge-dir-to-symlink.sh
t6036-recursive-corner-cases.sh
t6037-merge-ours-theirs.sh
t6038-merge-text-auto.sh
t6040-tracking-info.sh
t6042-merge-rename-corner-cases.sh
t6050-replace.sh
t6060-merge-index.sh
t6101-rev-parse-parents.sh
t6110-rev-list-sparse.sh
t6120-describe.sh
t6200-fmt-merge-msg.sh
t6300-for-each-ref.sh
t6500-gc.sh
t7001-mv.sh
t7003-filter-branch.sh
t7004-tag.sh
t7005-editor.sh
t7006-pager.sh
t7007-show.sh
t7008-grep-binary.sh
t7010-setup.sh
t7011-skip-worktree-reading.sh
t7012-skip-worktree-writing.sh
t7060-wtstatus.sh
t7061-wtstatus-ignore.sh
t7101-reset.sh
t7102-reset.sh
t7103-reset-bare.sh
t7104-reset.sh
t7105-reset-patch.sh
t7110-reset-merge.sh
t7111-reset-table.sh
t7201-co.sh
t7300-clean.sh
t7400-submodule-basic.sh
t7401-submodule-summary.sh
t7402-submodule-rebase.sh
t7403-submodule-sync.sh
t7405-submodule-merge.sh
t7406-submodule-update.sh
t7407-submodule-foreach.sh
t7408-submodule-reference.sh
t7409-submodule-detached-worktree.sh
t7500
t7500-commit.sh
t7501-commit.sh
t7502-commit.sh
t7503-pre-commit-hook.sh
t7504-commit-msg-hook.sh
t7505-prepare-commit-msg-hook.sh
t7506-status-submodule.sh
t7507-commit-verbose.sh
t7508-status.sh
t7509-commit.sh
t7510-signed-commit.sh
t7511-status-index.sh
t7512-status-help.sh
t7600-merge.sh
t7601-merge-pull-config.sh
t7602-merge-octopus-many.sh
t7603-merge-reduce-heads.sh
t7604-merge-custom-message.sh
t7605-merge-resolve.sh
t7606-merge-custom.sh
t7607-merge-overwrite.sh
t7608-merge-messages.sh
t7609-merge-co-error-msgs.sh
t7610-mergetool.sh
t7611-merge-abort.sh
t7700-repack.sh
t7701-repack-unpack-unreachable.sh
t7800-difftool.sh
t7810-grep.sh
t7811-grep-open.sh
t8001-annotate.sh
t8002-blame.sh
t8003-blame-corner-cases.sh
t8004-blame-with-conflicts.sh
t8005
t8005-blame-i18n.sh
t8006-blame-textconv.sh
t8007-cat-file-textconv.sh
t8008-blame-formats.sh
t9001-send-email.sh
t9002-column.sh
t9010-svn-fe.sh
t9011-svn-da.sh
t9020-remote-svn.sh
t9100-git-svn-basic.sh
t9101-git-svn-props.sh
t9102-git-svn-deep-rmdir.sh
t9103-git-svn-tracked-directory-removed.sh
t9104-git-svn-follow-parent.sh
t9105-git-svn-commit-diff.sh
t9106-git-svn-commit-diff-clobber.sh
t9107-git-svn-migrate.sh
t9108-git-svn-glob.sh
t9109-git-svn-multi-glob.sh
t9110
t9110-git-svn-use-svm-props.sh
t9111
t9111-git-svn-use-svnsync-props.sh
t9112-git-svn-md5less-file.sh
t9113-git-svn-dcommit-new-file.sh
t9114-git-svn-dcommit-merge.sh
t9115
t9115-git-svn-dcommit-funky-renames.sh
t9116-git-svn-log.sh
t9117-git-svn-init-clone.sh
t9118-git-svn-funky-branch-names.sh
t9119-git-svn-info.sh
t9120-git-svn-clone-with-percent-escapes.sh
t9121
t9121-git-svn-fetch-renamed-dir.sh
t9122-git-svn-author.sh
t9123-git-svn-rebuild-with-rewriteroot.sh
t9124-git-svn-dcommit-auto-props.sh
t9125-git-svn-multi-glob-branch-names.sh
t9126
t9126-git-svn-follow-deleted-readded-directory.sh
t9127-git-svn-partial-rebuild.sh
t9128-git-svn-cmd-branch.sh
t9129-git-svn-i18n-commitencoding.sh
t9130-git-svn-authors-file.sh
t9131-git-svn-empty-symlink.sh
t9132-git-svn-broken-symlink.sh
t9133-git-svn-nested-git-repo.sh
t9134-git-svn-ignore-paths.sh
t9135
t9135-git-svn-moved-branch-empty-file.sh
t9136
t9136-git-svn-recreated-branch-empty-file.sh
t9137-git-svn-dcommit-clobber-series.sh
t9138-git-svn-authors-prog.sh
t9139-git-svn-non-utf8-commitencoding.sh
t9140-git-svn-reset.sh
t9141-git-svn-multiple-branches.sh
t9142-git-svn-shallow-clone.sh
t9143-git-svn-gc.sh
t9144-git-svn-old-rev_map.sh
t9145-git-svn-master-branch.sh
t9146-git-svn-empty-dirs.sh
t9150
t9150-svk-mergetickets.sh
t9151
t9151-svn-mergeinfo.sh
t9152-svn-empty-dirs-after-gc.sh
t9153
t9153-git-svn-rewrite-uuid.sh
t9154
t9154-git-svn-fancy-glob.sh
t9155-git-svn-fetch-deleted-tag.sh
t9156-git-svn-fetch-deleted-tag-2.sh
t9157-git-svn-fetch-merge.sh
t9158-git-svn-mergeinfo.sh
t9159-git-svn-no-parent-mergeinfo.sh
t9160-git-svn-preserve-empty-dirs.sh
t9161
t9161-git-svn-mergeinfo-push.sh
t9162-git-svn-dcommit-interactive.sh
t9163-git-svn-reset-clears-caches.sh
t9164-git-svn-dcommit-concurrent.sh
t9165-git-svn-fetch-merge-branch-of-branch.sh
t9166-git-svn-fetch-merge-branch-of-branch2.sh
t9200-git-cvsexportcommit.sh
t9300-fast-import.sh
t9301-fast-import-notes.sh
t9350-fast-export.sh
t9400-git-cvsserver-server.sh
t9401-git-cvsserver-crlf.sh
t9500-gitweb-standalone-no-errors.sh
t9501-gitweb-standalone-http-status.sh
t9502-gitweb-standalone-parse-output.sh
t9600-cvsimport.sh
t9601
t9601-cvsimport-vendor-branch.sh
t9602
t9602-cvsimport-branches-tags.sh
t9603
t9603-cvsimport-patchsets.sh
t9604
t9604-cvsimport-timestamps.sh
t9700
t9700-perl-git.sh
t9800-git-p4-basic.sh
t9801-git-p4-branch.sh
t9802-git-p4-filetype.sh
t9803-git-p4-shell-metachars.sh
t9804-git-p4-label.sh
t9805-git-p4-skip-submit-edit.sh
t9806-git-p4-options.sh
t9807-git-p4-submit.sh
t9808-git-p4-chdir.sh
t9809-git-p4-client-view.sh
t9810-git-p4-rcs.sh
t9811-git-p4-label-import.sh
t9812-git-p4-wildcards.sh
t9813-git-p4-preserve-users.sh
t9814-git-p4-rename.sh
t9815-git-p4-submit-fail.sh
t9901-git-web--browse.sh
t9902-completion.sh
t9903-bash-prompt.sh
test-binary-1.png
test-binary-2.png
test-lib-functions.sh
test-lib.sh
test-terminal.perl
valgrind

/home/webonise/Downloads/git-1.8.1.2/t/Git-SVN:
00compile.t
Utils

/home/webonise/Downloads/git-1.8.1.2/t/Git-SVN/Utils:
add_path_to_url.t
can_compress.t
canonicalize_url.t
collapse_dotdot.t
fatal.t
join_paths.t

/home/webonise/Downloads/git-1.8.1.2/t/lib-gpg:
pubring.gpg
random_seed
secring.gpg
trustdb.gpg

/home/webonise/Downloads/git-1.8.1.2/t/lib-httpd:
apache.conf
passwd
ssl.cnf

/home/webonise/Downloads/git-1.8.1.2/t/perf:
aggregate.perl
Makefile
min_time.perl
p0000-perf-lib-sanity.sh
p0001-rev-list.sh
p4000-diff-algorithms.sh
p5302-pack-index.sh
p7810-grep.sh
perf-lib.sh
README
run

/home/webonise/Downloads/git-1.8.1.2/t/t0200:
test.c
test.perl
test.sh

/home/webonise/Downloads/git-1.8.1.2/t/t0202:
test.pl

/home/webonise/Downloads/git-1.8.1.2/t/t1013:
objects

/home/webonise/Downloads/git-1.8.1.2/t/t1013/objects:
14
16
1e
25
2e
6b
70
76
78
7a
85
8d
95
9a
bd
e6
f8

/home/webonise/Downloads/git-1.8.1.2/t/t1013/objects/14:
9cedb5c46929d18e0f118e9fa31927487af3b6

/home/webonise/Downloads/git-1.8.1.2/t/t1013/objects/16:
56f9233d999f61ef23ef390b9c71d75399f435

/home/webonise/Downloads/git-1.8.1.2/t/t1013/objects/1e:
72a6b2c4a577ab0338860fa9fe87f761fc9bbd

/home/webonise/Downloads/git-1.8.1.2/t/t1013/objects/25:
7cc5642cb1a054f08cc83f2d943e56fd3ebe99

/home/webonise/Downloads/git-1.8.1.2/t/t1013/objects/2e:
65efe2a145dda7ee51d1741299f848e5bf752e

/home/webonise/Downloads/git-1.8.1.2/t/t1013/objects/6b:
aee0540ea990d9761a3eb9ab183003a71c3696

/home/webonise/Downloads/git-1.8.1.2/t/t1013/objects/70:
e6a83d8dcb26fc8bc0cf702e2ddeb6adca18fd

/home/webonise/Downloads/git-1.8.1.2/t/t1013/objects/76:
e7fa9941f4d5f97f64fea65a2cba436bc79cbb

/home/webonise/Downloads/git-1.8.1.2/t/t1013/objects/78:
75c6237d3fcdd0ac2f0decc7d3fa6a50b66c09

/home/webonise/Downloads/git-1.8.1.2/t/t1013/objects/7a:
37b887a73791d12d26c0d3e39568a8fb0fa6e8

/home/webonise/Downloads/git-1.8.1.2/t/t1013/objects/85:
df50785d62d3b05ab03d9cbf7e4a0b49449730

/home/webonise/Downloads/git-1.8.1.2/t/t1013/objects/8d:
4e360d6c70fbd72411991c02a09c442cf7a9fa

/home/webonise/Downloads/git-1.8.1.2/t/t1013/objects/95:
b1625de3ba8b2214d1e0d0591138aea733f64f

/home/webonise/Downloads/git-1.8.1.2/t/t1013/objects/9a:
e9e86b7bd6cb1472d9373702d8249973da0832

/home/webonise/Downloads/git-1.8.1.2/t/t1013/objects/bd:
15045f6ce8ff75747562173640456a394412c8

/home/webonise/Downloads/git-1.8.1.2/t/t1013/objects/e6:
9de29bb2d1d6434b8b29ae775ad8c2e48c5391

/home/webonise/Downloads/git-1.8.1.2/t/t1013/objects/f8:
16d5255855ac160652ee5253b06cd8ee14165a

/home/webonise/Downloads/git-1.8.1.2/t/t1509:
excludes
prepare-chroot.sh

/home/webonise/Downloads/git-1.8.1.2/t/t3900:
1-UTF-8.txt
2-UTF-8.txt
eucJP.txt
ISO-2022-JP.txt
ISO8859-1.txt

/home/webonise/Downloads/git-1.8.1.2/t/t4013:
diff.config_format.subjectprefix_DIFFERENT_PREFIX
diff.diff_--abbrev_initial..side
diff.diff_--cached
diff.diff_--cached_--_file0
diff.diff_--dirstat-by-file_initial_rearrange
diff.diff_--dirstat_initial_rearrange
diff.diff_--dirstat_master~1_master~2
diff.diff_initial..side
diff.diff_master_master^_side
diff.diff_--name-status_dir2_dir
diff.diff_--no-index_dir_dir3
diff.diff_--no-index_--name-status_--_dir2_dir
diff.diff_--no-index_--name-status_dir2_dir
diff.diff_--patch-with-raw_initial..side
diff.diff_--patch-with-raw_-r_initial..side
diff.diff_--patch-with-stat_initial..side
diff.diff_--patch-with-stat_-r_initial..side
diff.diff_-r_initial..side
diff.diff_-r_--stat_initial..side
diff.diff_--stat_initial..side
diff.diff-tree_-c_--abbrev_master
diff.diff-tree_--cc_master
diff.diff-tree_--cc_--patch-with-stat_master
diff.diff-tree_--cc_--patch-with-stat_--summary_master
diff.diff-tree_--cc_--patch-with-stat_--summary_side
diff.diff-tree_--cc_--stat_master
diff.diff-tree_--cc_--stat_--summary_master
diff.diff-tree_--cc_--stat_--summary_side
diff.diff-tree_-c_master
diff.diff-tree_-c_--stat_master
diff.diff-tree_-c_--stat_--summary_master
diff.diff-tree_-c_--stat_--summary_side
diff.diff-tree_initial
diff.diff-tree_master
diff.diff-tree_--patch-with-raw_initial
diff.diff-tree_--patch-with-stat_initial
diff.diff-tree_-p_initial
diff.diff-tree_-p_master
diff.diff-tree_-p_-m_master
diff.diff-tree_--pretty_initial
diff.diff-tree_--pretty=oneline_initial
diff.diff-tree_--pretty=oneline_--patch-with-raw_initial
diff.diff-tree_--pretty=oneline_--patch-with-stat_initial
diff.diff-tree_--pretty=oneline_-p_initial
diff.diff-tree_--pretty=oneline_--root_initial
diff.diff-tree_--pretty=oneline_--root_--patch-with-raw_initial
diff.diff-tree_--pretty=oneline_--root_--patch-with-stat_initial
diff.diff-tree_--pretty=oneline_--root_-p_initial
diff.diff-tree_--pretty_--patch-with-raw_initial
diff.diff-tree_--pretty_--patch-with-stat_initial
diff.diff-tree_--pretty_--patch-with-stat_side
diff.diff-tree_--pretty_-p_initial
diff.diff-tree_--pretty_-p_side
diff.diff-tree_--pretty_--root_initial
diff.diff-tree_--pretty_--root_--patch-with-raw_initial
diff.diff-tree_--pretty_--root_--patch-with-stat_initial
diff.diff-tree_--pretty_--root_-p_initial
diff.diff-tree_--pretty_--root_--stat_initial
diff.diff-tree_--pretty_--root_--stat_--summary_initial
diff.diff-tree_--pretty_--root_--summary_initial
diff.diff-tree_--pretty_--root_--summary_-r_initial
diff.diff-tree_--pretty_side
diff.diff-tree_--pretty_--stat_initial
diff.diff-tree_--pretty_--stat_--summary_initial
diff.diff-tree_--pretty_--summary_initial
diff.diff-tree_-r_--abbrev=4_initial
diff.diff-tree_-r_--abbrev_initial
diff.diff-tree_-r_initial
diff.diff-tree_--root_--abbrev_initial
diff.diff-tree_--root_initial
diff.diff-tree_--root_--patch-with-raw_initial
diff.diff-tree_--root_--patch-with-stat_initial
diff.diff-tree_--root_-p_initial
diff.diff-tree_--root_-r_--abbrev=4_initial
diff.diff-tree_--root_-r_--abbrev_initial
diff.diff-tree_--root_-r_initial
diff.format-patch_--attach_--stdout_initial..master
diff.format-patch_--attach_--stdout_initial..master^
diff.format-patch_--attach_--stdout_initial..side
diff.format-patch_--attach_--stdout_--suffix=.diff_initial..side
diff.format-patch_--inline_--stdout_initial..master
diff.format-patch_--inline_--stdout_initial..master^
diff.format-patch_--inline_--stdout_initial..master^^
diff.format-patch_--inline_--stdout_initial..side
diff.format-patch_--inline_--stdout_--numbered-files_initial..master
diff.format-patch_--inline_--stdout_--subject-prefix=TESTCASE_initial..master
diff.format-patch_--stdout_--cover-letter_-n_initial..master^
diff.format-patch_--stdout_initial..master
diff.format-patch_--stdout_initial..master^
diff.format-patch_--stdout_initial..side
diff.format-patch_--stdout_--no-numbered_initial..master
diff.format-patch_--stdout_--numbered_initial..master
diff.log_--decorate_--all
diff.log_--decorate=full_--all
diff.log_-GF_master
diff.log_-GF_-p_master
diff.log_-GF_-p_--pickaxe-all_master
diff.log_master
diff.log_-m_-p_--first-parent_master
diff.log_-m_-p_master
diff.log_--patch-with-stat_master
diff.log_--patch-with-stat_master_--_dir_
diff.log_--patch-with-stat_--summary_master_--_dir_
diff.log_-p_--first-parent_master
diff.log_-p_master
diff.log_--root_--cc_--patch-with-stat_--summary_master
diff.log_--root_-c_--patch-with-stat_--summary_master
diff.log_--root_master
diff.log_--root_--patch-with-stat_master
diff.log_--root_--patch-with-stat_--summary_master
diff.log_--root_-p_master
diff.log_-S_F_master
diff.log_-SF_master
diff.log_-SF_master_--max-count=0
diff.log_-SF_master_--max-count=1
diff.log_-SF_master_--max-count=2
diff.log_-SF_-p_master
diff.rev-list_--children_HEAD
diff.rev-list_--parents_HEAD
diff.show_-c_master
diff.show_--first-parent_master
diff.show_initial
diff.show_master
diff.show_-m_master
diff.show_--patch-with-raw_side
diff.show_--patch-with-stat_side
diff.show_--patch-with-stat_--summary_side
diff.show_--root_initial
diff.show_side
diff.show_--stat_side
diff.show_--stat_--summary_side
diff.whatchanged_master
diff.whatchanged_--patch-with-stat_master
diff.whatchanged_--patch-with-stat_master_--_dir_
diff.whatchanged_--patch-with-stat_--summary_master_--_dir_
diff.whatchanged_-p_master
diff.whatchanged_--root_--cc_--patch-with-stat_--summary_master
diff.whatchanged_--root_-c_--patch-with-stat_--summary_master
diff.whatchanged_--root_master
diff.whatchanged_--root_--patch-with-stat_master
diff.whatchanged_--root_--patch-with-stat_--summary_master
diff.whatchanged_--root_-p_master
diff.whatchanged_-SF_master
diff.whatchanged_-SF_-p_master

/home/webonise/Downloads/git-1.8.1.2/t/t4020:
diff.NUL

/home/webonise/Downloads/git-1.8.1.2/t/t4034:
ada
bibtex
cpp
csharp
fortran
html
java
matlab
objc
pascal
perl
php
python
ruby
tex

/home/webonise/Downloads/git-1.8.1.2/t/t4034/ada:
expect
post
pre

/home/webonise/Downloads/git-1.8.1.2/t/t4034/bibtex:
expect
post
pre

/home/webonise/Downloads/git-1.8.1.2/t/t4034/cpp:
expect
post
pre

/home/webonise/Downloads/git-1.8.1.2/t/t4034/csharp:
expect
post
pre

/home/webonise/Downloads/git-1.8.1.2/t/t4034/fortran:
expect
post
pre

/home/webonise/Downloads/git-1.8.1.2/t/t4034/html:
expect
post
pre

/home/webonise/Downloads/git-1.8.1.2/t/t4034/java:
expect
post
pre

/home/webonise/Downloads/git-1.8.1.2/t/t4034/matlab:
expect
post
pre

/home/webonise/Downloads/git-1.8.1.2/t/t4034/objc:
expect
post
pre

/home/webonise/Downloads/git-1.8.1.2/t/t4034/pascal:
expect
post
pre

/home/webonise/Downloads/git-1.8.1.2/t/t4034/perl:
expect
post
pre

/home/webonise/Downloads/git-1.8.1.2/t/t4034/php:
expect
post
pre

/home/webonise/Downloads/git-1.8.1.2/t/t4034/python:
expect
post
pre

/home/webonise/Downloads/git-1.8.1.2/t/t4034/ruby:
expect
post
pre

/home/webonise/Downloads/git-1.8.1.2/t/t4034/tex:
expect
post
pre

/home/webonise/Downloads/git-1.8.1.2/t/t4100:
t-apply-1.expect
t-apply-1.patch
t-apply-2.expect
t-apply-2.patch
t-apply-3.expect
t-apply-3.patch
t-apply-4.expect
t-apply-4.patch
t-apply-5.expect
t-apply-5.patch
t-apply-6.expect
t-apply-6.patch
t-apply-7.expect
t-apply-7.patch
t-apply-8.expect
t-apply-8.patch
t-apply-9.expect
t-apply-9.patch

/home/webonise/Downloads/git-1.8.1.2/t/t4101:
diff.0-1
diff.0-2
diff.0-3
diff.1-0
diff.1-2
diff.1-3
diff.2-0
diff.2-1
diff.2-3
diff.3-0
diff.3-1
diff.3-2

/home/webonise/Downloads/git-1.8.1.2/t/t4109:
expect-1
expect-2
expect-3
patch1.patch
patch2.patch
patch3.patch
patch4.patch

/home/webonise/Downloads/git-1.8.1.2/t/t4110:
expect
patch1.patch
patch2.patch
patch3.patch
patch4.patch
patch5.patch

/home/webonise/Downloads/git-1.8.1.2/t/t4135:
add-plain.diff
add-with backslash.diff
add-with quote.diff
add-with spaces.diff
add-with tab.diff
damaged.diff
damaged-tz.diff
diff-plain.diff
diff-with backslash.diff
diff-with quote.diff
diff-with spaces.diff
diff-with tab.diff
funny-tz.diff
git-plain.diff
git-with backslash.diff
git-with quote.diff
git-with spaces.diff
git-with tab.diff
make-patches

/home/webonise/Downloads/git-1.8.1.2/t/t4252:
am-test-1-1
am-test-1-2
am-test-2-1
am-test-2-2
am-test-3-1
am-test-3-2
am-test-4-1
am-test-4-2
am-test-5-1
am-test-5-2
am-test-6-1
file-1-0
file-2-0

/home/webonise/Downloads/git-1.8.1.2/t/t5003:
infozip-symlinks.zip

/home/webonise/Downloads/git-1.8.1.2/t/t5100:
empty
info0001
info0002
info0003
info0004
info0005
info0006
info0007
info0008
info0009
info0010
info0011
info0012
info0013
info0014
info0014--scissors
info0015
info0015--no-inbody-headers
info0016
info0016--no-inbody-headers
info0017
info-from.expect
info-from.in
msg0001
msg0002
msg0003
msg0004
msg0005
msg0006
msg0007
msg0008
msg0009
msg0010
msg0011
msg0012
msg0013
msg0014
msg0014--scissors
msg0015
msg0015--no-inbody-headers
msg0016
msg0016--no-inbody-headers
msg0017
nul-b64.expect
nul-b64.in
nul-plain
patch0001
patch0002
patch0003
patch0004
patch0005
patch0006
patch0007
patch0008
patch0009
patch0010
patch0011
patch0012
patch0013
patch0014
patch0014--scissors
patch0015
patch0015--no-inbody-headers
patch0016
patch0016--no-inbody-headers
patch0017
rfc2047-info-0001
rfc2047-info-0002
rfc2047-info-0003
rfc2047-info-0004
rfc2047-info-0005
rfc2047-info-0006
rfc2047-info-0007
rfc2047-info-0008
rfc2047-info-0009
rfc2047-info-0010
rfc2047-info-0011
rfc2047-samples.mbox
sample.mbox

/home/webonise/Downloads/git-1.8.1.2/t/t5515:
fetch.br-branches-default
fetch.br-branches-default_branches-default
fetch.br-branches-default-merge
fetch.br-branches-default-merge_branches-default
fetch.br-branches-default-octopus
fetch.br-branches-default-octopus_branches-default
fetch.br-branches-one
fetch.br-branches-one_branches-one
fetch.br-branches-one-merge
fetch.br-branches-one-merge_branches-one
fetch.br-branches-one-octopus
fetch.br-branches-one-octopus_branches-one
fetch.br-config-explicit
fetch.br-config-explicit_config-explicit
fetch.br-config-explicit-merge
fetch.br-config-explicit-merge_config-explicit
fetch.br-config-explicit-octopus
fetch.br-config-explicit-octopus_config-explicit
fetch.br-config-glob
fetch.br-config-glob_config-glob
fetch.br-config-glob-merge
fetch.br-config-glob-merge_config-glob
fetch.br-config-glob-octopus
fetch.br-config-glob-octopus_config-glob
fetch.br-remote-explicit
fetch.br-remote-explicit-merge
fetch.br-remote-explicit-merge_remote-explicit
fetch.br-remote-explicit-octopus
fetch.br-remote-explicit-octopus_remote-explicit
fetch.br-remote-explicit_remote-explicit
fetch.br-remote-glob
fetch.br-remote-glob-merge
fetch.br-remote-glob-merge_remote-glob
fetch.br-remote-glob-octopus
fetch.br-remote-glob-octopus_remote-glob
fetch.br-remote-glob_remote-glob
fetch.br-unconfig
fetch.br-unconfig_branches-default
fetch.br-unconfig_branches-one
fetch.br-unconfig_config-explicit
fetch.br-unconfig_config-glob
fetch.br-unconfig_.._.git
fetch.br-unconfig_.._.git_one
fetch.br-unconfig_.._.git_one_tag_tag-one_tag_tag-three-file
fetch.br-unconfig_.._.git_one_two
fetch.br-unconfig_.._.git_tag_tag-one_tag_tag-three
fetch.br-unconfig_.._.git_tag_tag-one-tree_tag_tag-three-file
fetch.br-unconfig_remote-explicit
fetch.br-unconfig_remote-glob
fetch.br-unconfig_--tags_.._.git
fetch.master
fetch.master_branches-default
fetch.master_branches-one
fetch.master_config-explicit
fetch.master_config-glob
fetch.master_.._.git
fetch.master_.._.git_one
fetch.master_.._.git_one_tag_tag-one_tag_tag-three-file
fetch.master_.._.git_one_two
fetch.master_.._.git_tag_tag-one_tag_tag-three
fetch.master_.._.git_tag_tag-one-tree_tag_tag-three-file
fetch.master_remote-explicit
fetch.master_remote-glob
fetch.master_--tags_.._.git
refs.br-branches-default
refs.br-branches-default_branches-default
refs.br-branches-default-merge
refs.br-branches-default-merge_branches-default
refs.br-branches-default-octopus
refs.br-branches-default-octopus_branches-default
refs.br-branches-one
refs.br-branches-one_branches-one
refs.br-branches-one-merge
refs.br-branches-one-merge_branches-one
refs.br-branches-one-octopus
refs.br-branches-one-octopus_branches-one
refs.br-config-explicit
refs.br-config-explicit_config-explicit
refs.br-config-explicit-merge
refs.br-config-explicit-merge_config-explicit
refs.br-config-explicit-octopus
refs.br-config-explicit-octopus_config-explicit
refs.br-config-glob
refs.br-config-glob_config-glob
refs.br-config-glob-merge
refs.br-config-glob-merge_config-glob
refs.br-config-glob-octopus
refs.br-config-glob-octopus_config-glob
refs.br-remote-explicit
refs.br-remote-explicit-merge
refs.br-remote-explicit-merge_remote-explicit
refs.br-remote-explicit-octopus
refs.br-remote-explicit-octopus_remote-explicit
refs.br-remote-explicit_remote-explicit
refs.br-remote-glob
refs.br-remote-glob-merge
refs.br-remote-glob-merge_remote-glob
refs.br-remote-glob-octopus
refs.br-remote-glob-octopus_remote-glob
refs.br-remote-glob_remote-glob
refs.br-unconfig
refs.br-unconfig_branches-default
refs.br-unconfig_branches-one
refs.br-unconfig_config-explicit
refs.br-unconfig_config-glob
refs.br-unconfig_.._.git
refs.br-unconfig_.._.git_one
refs.br-unconfig_.._.git_one_tag_tag-one_tag_tag-three-file
refs.br-unconfig_.._.git_one_two
refs.br-unconfig_.._.git_tag_tag-one_tag_tag-three
refs.br-unconfig_.._.git_tag_tag-one-tree_tag_tag-three-file
refs.br-unconfig_remote-explicit
refs.br-unconfig_remote-glob
refs.br-unconfig_--tags_.._.git
refs.master
refs.master_branches-default
refs.master_branches-one
refs.master_config-explicit
refs.master_config-glob
refs.master_.._.git
refs.master_.._.git_one
refs.master_.._.git_one_tag_tag-one_tag_tag-three-file
refs.master_.._.git_one_two
refs.master_.._.git_tag_tag-one_tag_tag-three
refs.master_.._.git_tag_tag-one-tree_tag_tag-three-file
refs.master_remote-explicit
refs.master_remote-glob
refs.master_--tags_.._.git

/home/webonise/Downloads/git-1.8.1.2/t/t7500:
add-comments
add-content
add-signed-off
add-whitespaced-content
edit-content

/home/webonise/Downloads/git-1.8.1.2/t/t8005:
euc-japan.txt
sjis.txt
utf8.txt

/home/webonise/Downloads/git-1.8.1.2/t/t9110:
svm.dump

/home/webonise/Downloads/git-1.8.1.2/t/t9111:
svnsync.dump

/home/webonise/Downloads/git-1.8.1.2/t/t9115:
funky-names.dump

/home/webonise/Downloads/git-1.8.1.2/t/t9121:
renamed-dir.dump

/home/webonise/Downloads/git-1.8.1.2/t/t9126:
follow-deleted-readded.dump

/home/webonise/Downloads/git-1.8.1.2/t/t9135:
svn.dump

/home/webonise/Downloads/git-1.8.1.2/t/t9136:
svn.dump

/home/webonise/Downloads/git-1.8.1.2/t/t9150:
make-svk-dump
svk-merge.dump

/home/webonise/Downloads/git-1.8.1.2/t/t9151:
make-svnmerge-dump
svn-mergeinfo.dump

/home/webonise/Downloads/git-1.8.1.2/t/t9153:
svn.dump

/home/webonise/Downloads/git-1.8.1.2/t/t9154:
svn.dump

/home/webonise/Downloads/git-1.8.1.2/t/t9161:
branches.dump

/home/webonise/Downloads/git-1.8.1.2/t/t9601:
cvsroot

/home/webonise/Downloads/git-1.8.1.2/t/t9601/cvsroot:
CVSROOT
module

/home/webonise/Downloads/git-1.8.1.2/t/t9601/cvsroot/CVSROOT:

/home/webonise/Downloads/git-1.8.1.2/t/t9601/cvsroot/module:
added-imported.txt,v
imported-anonymously.txt,v
imported-modified-imported.txt,v
imported-modified.txt,v
imported-once.txt,v
imported-twice.txt,v

/home/webonise/Downloads/git-1.8.1.2/t/t9602:
cvsroot
README

/home/webonise/Downloads/git-1.8.1.2/t/t9602/cvsroot:
CVSROOT
module

/home/webonise/Downloads/git-1.8.1.2/t/t9602/cvsroot/CVSROOT:

/home/webonise/Downloads/git-1.8.1.2/t/t9602/cvsroot/module:
default,v
sub1
sub2
sub3

/home/webonise/Downloads/git-1.8.1.2/t/t9602/cvsroot/module/sub1:
default,v
subsubA
subsubB

/home/webonise/Downloads/git-1.8.1.2/t/t9602/cvsroot/module/sub1/subsubA:
default,v

/home/webonise/Downloads/git-1.8.1.2/t/t9602/cvsroot/module/sub1/subsubB:
default,v

/home/webonise/Downloads/git-1.8.1.2/t/t9602/cvsroot/module/sub2:
Attic
default,v
subsubA

/home/webonise/Downloads/git-1.8.1.2/t/t9602/cvsroot/module/sub2/Attic:
branch_B_MIXED_only,v

/home/webonise/Downloads/git-1.8.1.2/t/t9602/cvsroot/module/sub2/subsubA:
default,v

/home/webonise/Downloads/git-1.8.1.2/t/t9602/cvsroot/module/sub3:
default,v

/home/webonise/Downloads/git-1.8.1.2/t/t9603:
cvsroot

/home/webonise/Downloads/git-1.8.1.2/t/t9603/cvsroot:
CVSROOT
module

/home/webonise/Downloads/git-1.8.1.2/t/t9603/cvsroot/CVSROOT:

/home/webonise/Downloads/git-1.8.1.2/t/t9603/cvsroot/module:
a,v
b,v

/home/webonise/Downloads/git-1.8.1.2/t/t9604:
cvsroot

/home/webonise/Downloads/git-1.8.1.2/t/t9604/cvsroot:
CVSROOT
module

/home/webonise/Downloads/git-1.8.1.2/t/t9604/cvsroot/CVSROOT:

/home/webonise/Downloads/git-1.8.1.2/t/t9604/cvsroot/module:
a,v

/home/webonise/Downloads/git-1.8.1.2/t/t9700:
test.pl

/home/webonise/Downloads/git-1.8.1.2/t/valgrind:
analyze.sh
default.supp
valgrind.sh

/home/webonise/Downloads/git-1.8.1.2/templates:
blt
boilerplates.made
branches--
hooks--applypatch-msg.sample
hooks--commit-msg.sample
hooks--post-update.sample
hooks--pre-applypatch.sample
hooks--pre-commit.sample
hooks--prepare-commit-msg.sample
hooks--pre-rebase.sample
hooks--update.sample
info--exclude
Makefile
this--description

/home/webonise/Downloads/git-1.8.1.2/templates/blt:
branches
description
hooks
info

/home/webonise/Downloads/git-1.8.1.2/templates/blt/branches:

/home/webonise/Downloads/git-1.8.1.2/templates/blt/hooks:
applypatch-msg.sample
commit-msg.sample
post-update.sample
pre-applypatch.sample
pre-commit.sample
prepare-commit-msg.sample
pre-rebase.sample
update.sample

/home/webonise/Downloads/git-1.8.1.2/templates/blt/info:
exclude

/home/webonise/Downloads/git-1.8.1.2/vcs-svn:
fast_export.c
fast_export.h
fast_export.o
lib.a
LICENSE
line_buffer.c
line_buffer.h
line_buffer.o
line_buffer.txt
repo_tree.c
repo_tree.h
repo_tree.o
sliding_window.c
sliding_window.h
sliding_window.o
svndiff.c
svndiff.h
svndiff.o
svndump.c
svndump.h
svndump.o

/home/webonise/Downloads/git-1.8.1.2/xdiff:
lib.a
xdiff.h
xdiffi.c
xdiffi.h
xdiffi.o
xemit.c
xemit.h
xemit.o
xhistogram.c
xhistogram.o
xinclude.h
xmacros.h
xmerge.c
xmerge.o
xpatience.c
xpatience.o
xprepare.c
xprepare.h
xprepare.o
xtypes.h
xutils.c
xutils.h
xutils.o

/home/webonise/Music:

/home/webonise/Pictures:
Palash_Kulkarni.png
Problem.png
view_Snapshot.png

/home/webonise/Public:

/home/webonise/public_html:
asd.sh
asd.sh~
assignment.log
file3.doc
readme.txt

/home/webonise/Templates:

/home/webonise/Videos:
